#
# There is insufficient memory for the Java Runtime Environment to continue.
# Native memory allocation (mmap) failed to map 42991616 bytes. Error detail: G1 virtual space
# Possible reasons:
#   The system is out of physical RAM or swap space
#   This process is running with CompressedOops enabled, and the Java Heap may be blocking the growth of the native heap
# Possible solutions:
#   Reduce memory load on the system
#   Increase physical memory or swap space
#   Check if swap backing store is full
#   Decrease Java heap size (-Xmx/-Xms)
#   Decrease number of Java threads
#   Decrease Java thread stack sizes (-Xss)
#   Set larger code cache with -XX:ReservedCodeCacheSize=
#   JVM is running with Unscaled Compressed Oops mode in which the Java heap is
#     placed in the first 4GB address space. The Java Heap base address is the
#     maximum limit for the native heap growth. Please use -XX:HeapBaseMinAddress
#     to set the Java Heap base and to place the Java Heap above 4GB virtual address.
# This output file may be truncated or incomplete.
#
#  Out of Memory Error (os_windows.cpp:3703), pid=41484, tid=38624
#
# JRE version: OpenJDK Runtime Environment Zulu23.30+13-CA (23.0.1+11) (build 23.0.1+11)
# Java VM: OpenJDK 64-Bit Server VM Zulu23.30+13-CA (23.0.1+11, mixed mode, sharing, tiered, compressed oops, compressed class ptrs, g1 gc, windows-amd64)
# No core dump will be written. Minidumps are not enabled by default on client versions of Windows
#

---------------  S U M M A R Y ------------

Command Line: -DkotlinLanguageServer.version=1.3.13 org.javacs.kt.MainKt

Host: AMD Ryzen 3 7320U with Radeon Graphics         , 8 cores, 5G,  Windows 11 , 64 bit Build 26100 (10.0.26100.2454)
Time: Wed Jan 29 20:06:47 2025 SE Asia Standard Time elapsed time: 179.011641 seconds (0d 0h 2m 59s)

---------------  T H R E A D  ---------------

Current thread (0x000001c57974d240):  VMThread "VM Thread"          [id=38624, stack(0x0000004748000000,0x0000004748100000) (1024K)]

Stack: [0x0000004748000000,0x0000004748100000]
Native frames: (J=compiled Java code, j=interpreted, Vv=VM code, C=native code)
V  [jvm.dll+0x6ef889]  (no source info available)
V  [jvm.dll+0x8e04e3]  (no source info available)
V  [jvm.dll+0x8e27ae]  (no source info available)
V  [jvm.dll+0x8e2e93]  (no source info available)
V  [jvm.dll+0x285b86]  (no source info available)
V  [jvm.dll+0x6ec0e5]  (no source info available)
V  [jvm.dll+0x6dfdea]  (no source info available)
V  [jvm.dll+0x367d9a]  (no source info available)
V  [jvm.dll+0x3701d6]  (no source info available)
V  [jvm.dll+0x35c73e]  (no source info available)
V  [jvm.dll+0x35c9d8]  (no source info available)
V  [jvm.dll+0x334a7c]  (no source info available)
V  [jvm.dll+0x334b0a]  (no source info available)
V  [jvm.dll+0x380d4d]  (no source info available)
V  [jvm.dll+0x37f3b1]  (no source info available)
V  [jvm.dll+0x334257]  (no source info available)
V  [jvm.dll+0x37eb54]  (no source info available)
V  [jvm.dll+0x8e8f18]  (no source info available)
V  [jvm.dll+0x8ea227]  (no source info available)
V  [jvm.dll+0x8ea758]  (no source info available)
V  [jvm.dll+0x8ea9f3]  (no source info available)
V  [jvm.dll+0x886708]  (no source info available)
V  [jvm.dll+0x6ee0a5]  (no source info available)
C  [ucrtbase.dll+0x14ea0]  (no source info available)
C  [KERNEL32.DLL+0x2e8d7]  (no source info available)
C  [ntdll.dll+0xdfbcc]  (no source info available)

VM_Operation (0x00000047495f39f0): G1CollectForAllocation, mode: safepoint, requested by thread 0x000001c546ceb2e0


---------------  P R O C E S S  ---------------

Threads class SMR info:
_java_thread_list=0x000001c5510a5430, length=19, elements={
0x000001c579768a70, 0x000001c5797694d0, 0x000001c57976f870, 0x000001c57976d4f0,
0x000001c57976df50, 0x000001c5797703a0, 0x000001c579771130, 0x000001c579773bf0,
0x000001c545127d90, 0x000001c54512cc20, 0x000001c5464a8ee0, 0x000001c55aff4b00,
0x000001c545227740, 0x000001c546ce98a0, 0x000001c546ceac50, 0x000001c546ce9f30,
0x000001c546ceb2e0, 0x000001c551ff0a20, 0x000001c554000c70
}

Java Threads: ( => current thread )
  0x000001c579768a70 JavaThread "Reference Handler"          daemon [_thread_blocked, id=23536, stack(0x0000004748100000,0x0000004748200000) (1024K)]
  0x000001c5797694d0 JavaThread "Finalizer"                  daemon [_thread_blocked, id=41608, stack(0x0000004748200000,0x0000004748300000) (1024K)]
  0x000001c57976f870 JavaThread "Signal Dispatcher"          daemon [_thread_blocked, id=41304, stack(0x0000004748300000,0x0000004748400000) (1024K)]
  0x000001c57976d4f0 JavaThread "Attach Listener"            daemon [_thread_blocked, id=41364, stack(0x0000004748400000,0x0000004748500000) (1024K)]
  0x000001c57976df50 JavaThread "Service Thread"             daemon [_thread_blocked, id=39092, stack(0x0000004748500000,0x0000004748600000) (1024K)]
  0x000001c5797703a0 JavaThread "Monitor Deflation Thread"   daemon [_thread_blocked, id=1960, stack(0x0000004748600000,0x0000004748700000) (1024K)]
  0x000001c579771130 JavaThread "C2 CompilerThread0"         daemon [_thread_blocked, id=38708, stack(0x0000004748700000,0x0000004748800000) (1024K)]
  0x000001c579773bf0 JavaThread "C1 CompilerThread0"         daemon [_thread_blocked, id=37760, stack(0x0000004748800000,0x0000004748900000) (1024K)]
  0x000001c545127d90 JavaThread "Notification Thread"        daemon [_thread_blocked, id=41820, stack(0x0000004748900000,0x0000004748a00000) (1024K)]
  0x000001c54512cc20 JavaThread "Common-Cleaner"             daemon [_thread_blocked, id=41764, stack(0x0000004748a00000,0x0000004748b00000) (1024K)]
  0x000001c5464a8ee0 JavaThread "client"                            [_thread_in_native, id=38840, stack(0x0000004749200000,0x0000004749300000) (1024K)]
  0x000001c55aff4b00 JavaThread "DestroyJavaVM"                     [_thread_blocked, id=41828, stack(0x0000004747900000,0x0000004747a00000) (1024K)]
  0x000001c545227740 JavaThread "async0"                            [_thread_blocked, id=42920, stack(0x0000004749400000,0x0000004749500000) (1024K)]
  0x000001c546ce98a0 JavaThread "async1"                            [_thread_blocked, id=35616, stack(0x0000004747600000,0x0000004747700000) (1024K)]
  0x000001c546ceac50 JavaThread "Thread-5"                          [_thread_in_native, id=43432, stack(0x0000004747700000,0x0000004747800000) (1024K)]
  0x000001c546ce9f30 JavaThread "Thread-6"                          [_thread_in_native, id=43264, stack(0x0000004747800000,0x0000004747900000) (1024K)]
  0x000001c546ceb2e0 JavaThread "debounce0"                         [_thread_blocked, id=42940, stack(0x0000004749500000,0x0000004749600000) (1024K)]
  0x000001c551ff0a20 JavaThread "async2"                            [_thread_blocked, id=43040, stack(0x0000004749700000,0x0000004749800000) (1024K)]
  0x000001c554000c70 JavaThread "C2 CompilerThread1"         daemon [_thread_blocked, id=37236, stack(0x0000004749600000,0x0000004749700000) (1024K)]
Total: 19

Other Threads:
=>0x000001c57974d240 VMThread "VM Thread"                           [id=38624, stack(0x0000004748000000,0x0000004748100000) (1024K)]
  0x000001c57973b6a0 WatcherThread "VM Periodic Task Thread"        [id=41464, stack(0x0000004747f00000,0x0000004748000000) (1024K)]
  0x000001c55d3e2a70 WorkerThread "GC Thread#0"                     [id=41292, stack(0x0000004747a00000,0x0000004747b00000) (1024K)]
  0x000001c5460e45b0 WorkerThread "GC Thread#1"                     [id=42464, stack(0x0000004748b00000,0x0000004748c00000) (1024K)]
  0x000001c546179610 WorkerThread "GC Thread#2"                     [id=42812, stack(0x0000004748c00000,0x0000004748d00000) (1024K)]
  0x000001c546179dd0 WorkerThread "GC Thread#3"                     [id=42808, stack(0x0000004748d00000,0x0000004748e00000) (1024K)]
  0x000001c54617a180 WorkerThread "GC Thread#4"                     [id=42796, stack(0x0000004748e00000,0x0000004748f00000) (1024K)]
  0x000001c54617a530 WorkerThread "GC Thread#5"                     [id=42792, stack(0x0000004748f00000,0x0000004749000000) (1024K)]
  0x000001c54617b0f0 WorkerThread "GC Thread#6"                     [id=42800, stack(0x0000004749000000,0x0000004749100000) (1024K)]
  0x000001c54617b4a0 WorkerThread "GC Thread#7"                     [id=42816, stack(0x0000004749100000,0x0000004749200000) (1024K)]
  0x000001c55d40e7b0 ConcurrentGCThread "G1 Main Marker"            [id=40852, stack(0x0000004747b00000,0x0000004747c00000) (1024K)]
  0x000001c55d410910 WorkerThread "G1 Conc#0"                       [id=38192, stack(0x0000004747c00000,0x0000004747d00000) (1024K)]
  0x000001c546c92e50 WorkerThread "G1 Conc#1"                       [id=42720, stack(0x0000004749300000,0x0000004749400000) (1024K)]
  0x000001c55d44e3e0 ConcurrentGCThread "G1 Refine#0"               [id=40248, stack(0x0000004747d00000,0x0000004747e00000) (1024K)]
  0x000001c579609180 ConcurrentGCThread "G1 Service"                [id=41300, stack(0x0000004747e00000,0x0000004747f00000) (1024K)]
Total: 15

Threads with active compile tasks:
C2 CompilerThread0  180140 15231   !   4       org.jetbrains.kotlin.metadata.ProtoBuf$Package::<init> (656 bytes)
C2 CompilerThread1  180140 15258       4       org.jetbrains.kotlin.load.kotlin.FileBasedKotlinClass$4$2::visitParameterAnnotation (87 bytes)
Total: 2

VM state: at safepoint (normal execution)

VM Mutex/Monitor currently owned by a thread:  ([mutex/lock_event])
[0x00007ffa8c584d70] Threads_lock - owner thread: 0x000001c57974d240
[0x00007ffa8c584e70] Heap_lock - owner thread: 0x000001c546ceb2e0

Heap address: 0x00000000a4200000, size: 1470 MB, Compressed Oops mode: 32-bit

CDS archive(s) mapped at: [0x000001c500000000-0x000001c500d70000-0x000001c500d70000), size 14090240, SharedBaseAddress: 0x000001c500000000, ArchiveRelocationMode: 1.
Compressed class space mapped at: 0x000001c501000000-0x000001c541000000, reserved size: 1073741824
Narrow klass base: 0x000001c500000000, Narrow klass shift: 0, Narrow klass range: 0x41000000

GC Precious Log:
 CardTable entry size: 512
 Card Set container configuration: InlinePtr #cards 5 size 8 Array Of Cards #cards 10 size 36 Howl #buckets 4 coarsen threshold 1843 Howl Bitmap #cards 512 size 80 coarsen threshold 460 Card regions per heap region 1 cards per card region 2048
 CPUs: 8 total, 8 available
 Memory: 5877M
 Large Page Support: Disabled
 NUMA Support: Disabled
 Compressed Oops: Enabled (32-bit)
 Heap Region Size: 1M
 Heap Min Capacity: 8M
 Heap Initial Capacity: 92M
 Heap Max Capacity: 1470M
 Pre-touch: Disabled
 Parallel Workers: 8
 Concurrent Workers: 2
 Concurrent Refinement Workers: 8
 Periodic GC: Disabled

Heap:
 garbage-first heap   total reserved 1505280K, committed 208896K, used 135372K [0x00000000a4200000, 0x0000000100000000)
  region size 1024K, 8 young (8192K), 8 survivors (8192K)
 Metaspace       used 76289K, committed 77312K, reserved 1179648K
  class space    used 8912K, committed 9408K, reserved 1048576K

Heap Regions: E=young(eden), S=young(survivor), O=old, HS=humongous(starts), HC=humongous(continues), CS=collection set, F=free, TAMS=top-at-mark-start, PB=parsable bottom
|   0|0x00000000a4200000, 0x00000000a4300000, 0x00000000a4300000|100%|HS|  |TAMS 0x00000000a4200000| PB 0x00000000a4200000| Complete |  0
|   1|0x00000000a4300000, 0x00000000a4400000, 0x00000000a4400000|100%|HC|  |TAMS 0x00000000a4300000| PB 0x00000000a4300000| Complete |  0
|   2|0x00000000a4400000, 0x00000000a4500000, 0x00000000a4500000|100%|HC|  |TAMS 0x00000000a4400000| PB 0x00000000a4400000| Complete |  0
|   3|0x00000000a4500000, 0x00000000a4600000, 0x00000000a4600000|100%|HC|  |TAMS 0x00000000a4500000| PB 0x00000000a4500000| Complete |  0
|   4|0x00000000a4600000, 0x00000000a4700000, 0x00000000a4700000|100%| O|  |TAMS 0x00000000a4600000| PB 0x00000000a4600000| Untracked |  0
|   5|0x00000000a4700000, 0x00000000a4800000, 0x00000000a4800000|100%| O|  |TAMS 0x00000000a4700000| PB 0x00000000a4700000| Untracked |  0
|   6|0x00000000a4800000, 0x00000000a4900000, 0x00000000a4900000|100%| O|  |TAMS 0x00000000a4800000| PB 0x00000000a4800000| Untracked |  0
|   7|0x00000000a4900000, 0x00000000a4a00000, 0x00000000a4a00000|100%| O|  |TAMS 0x00000000a4900000| PB 0x00000000a4900000| Untracked |  0
|   8|0x00000000a4a00000, 0x00000000a4b00000, 0x00000000a4b00000|100%| O|  |TAMS 0x00000000a4a00000| PB 0x00000000a4a00000| Untracked |  0
|   9|0x00000000a4b00000, 0x00000000a4c00000, 0x00000000a4c00000|100%| O|  |TAMS 0x00000000a4b00000| PB 0x00000000a4b00000| Untracked |  0
|  10|0x00000000a4c00000, 0x00000000a4d00000, 0x00000000a4d00000|100%| O|  |TAMS 0x00000000a4c00000| PB 0x00000000a4c00000| Untracked |  0
|  11|0x00000000a4d00000, 0x00000000a4e00000, 0x00000000a4e00000|100%| O|  |TAMS 0x00000000a4d00000| PB 0x00000000a4d00000| Untracked |  0
|  12|0x00000000a4e00000, 0x00000000a4f00000, 0x00000000a4f00000|100%| O|  |TAMS 0x00000000a4e00000| PB 0x00000000a4e00000| Untracked |  0
|  13|0x00000000a4f00000, 0x00000000a5000000, 0x00000000a5000000|100%| O|  |TAMS 0x00000000a4f00000| PB 0x00000000a4f00000| Untracked |  0
|  14|0x00000000a5000000, 0x00000000a5100000, 0x00000000a5100000|100%| O|  |TAMS 0x00000000a5000000| PB 0x00000000a5000000| Untracked |  0
|  15|0x00000000a5100000, 0x00000000a5200000, 0x00000000a5200000|100%|HS|  |TAMS 0x00000000a5100000| PB 0x00000000a5100000| Complete |  0
|  16|0x00000000a5200000, 0x00000000a5300000, 0x00000000a5300000|100%| O|  |TAMS 0x00000000a5200000| PB 0x00000000a5200000| Untracked |  0
|  17|0x00000000a5300000, 0x00000000a5400000, 0x00000000a5400000|100%| O|  |TAMS 0x00000000a5300000| PB 0x00000000a5300000| Untracked |  0
|  18|0x00000000a5400000, 0x00000000a5500000, 0x00000000a5500000|100%| O|  |TAMS 0x00000000a5400000| PB 0x00000000a5400000| Untracked |  0
|  19|0x00000000a5500000, 0x00000000a5600000, 0x00000000a5600000|100%| O|  |TAMS 0x00000000a5500000| PB 0x00000000a5500000| Untracked |  0
|  20|0x00000000a5600000, 0x00000000a5700000, 0x00000000a5700000|100%| O|  |TAMS 0x00000000a5600000| PB 0x00000000a5600000| Untracked |  0
|  21|0x00000000a5700000, 0x00000000a5800000, 0x00000000a5800000|100%| O|  |TAMS 0x00000000a5700000| PB 0x00000000a5700000| Untracked |  0
|  22|0x00000000a5800000, 0x00000000a5900000, 0x00000000a5900000|100%| O|  |TAMS 0x00000000a5800000| PB 0x00000000a5800000| Untracked |  0
|  23|0x00000000a5900000, 0x00000000a5a00000, 0x00000000a5a00000|100%| O|  |TAMS 0x00000000a5900000| PB 0x00000000a5900000| Untracked |  0
|  24|0x00000000a5a00000, 0x00000000a5b00000, 0x00000000a5b00000|100%| O|  |TAMS 0x00000000a5a00000| PB 0x00000000a5a00000| Untracked |  0
|  25|0x00000000a5b00000, 0x00000000a5c00000, 0x00000000a5c00000|100%| O|  |TAMS 0x00000000a5b00000| PB 0x00000000a5b00000| Untracked |  0
|  26|0x00000000a5c00000, 0x00000000a5d00000, 0x00000000a5d00000|100%| O|  |TAMS 0x00000000a5c00000| PB 0x00000000a5c00000| Untracked |  0
|  27|0x00000000a5d00000, 0x00000000a5e00000, 0x00000000a5e00000|100%| O|  |TAMS 0x00000000a5d00000| PB 0x00000000a5d00000| Untracked |  0
|  28|0x00000000a5e00000, 0x00000000a5f00000, 0x00000000a5f00000|100%| O|  |TAMS 0x00000000a5e00000| PB 0x00000000a5e00000| Untracked |  0
|  29|0x00000000a5f00000, 0x00000000a6000000, 0x00000000a6000000|100%| O|  |TAMS 0x00000000a5f00000| PB 0x00000000a5f00000| Untracked |  0
|  30|0x00000000a6000000, 0x00000000a6100000, 0x00000000a6100000|100%| O|  |TAMS 0x00000000a6000000| PB 0x00000000a6000000| Untracked |  0
|  31|0x00000000a6100000, 0x00000000a6200000, 0x00000000a6200000|100%| O|  |TAMS 0x00000000a6100000| PB 0x00000000a6100000| Untracked |  0
|  32|0x00000000a6200000, 0x00000000a6300000, 0x00000000a6300000|100%| O|  |TAMS 0x00000000a6200000| PB 0x00000000a6200000| Untracked |  0
|  33|0x00000000a6300000, 0x00000000a6400000, 0x00000000a6400000|100%| O|  |TAMS 0x00000000a6300000| PB 0x00000000a6300000| Untracked |  0
|  34|0x00000000a6400000, 0x00000000a6500000, 0x00000000a6500000|100%|HS|  |TAMS 0x00000000a6400000| PB 0x00000000a6400000| Complete |  0
|  35|0x00000000a6500000, 0x00000000a6600000, 0x00000000a6600000|100%|HC|  |TAMS 0x00000000a6500000| PB 0x00000000a6500000| Complete |  0
|  36|0x00000000a6600000, 0x00000000a6700000, 0x00000000a6700000|100%|HC|  |TAMS 0x00000000a6600000| PB 0x00000000a6600000| Complete |  0
|  37|0x00000000a6700000, 0x00000000a6800000, 0x00000000a6800000|100%|HC|  |TAMS 0x00000000a6700000| PB 0x00000000a6700000| Complete |  0
|  38|0x00000000a6800000, 0x00000000a6900000, 0x00000000a6900000|100%|HC|  |TAMS 0x00000000a6800000| PB 0x00000000a6800000| Complete |  0
|  39|0x00000000a6900000, 0x00000000a6a00000, 0x00000000a6a00000|100%|HC|  |TAMS 0x00000000a6900000| PB 0x00000000a6900000| Complete |  0
|  40|0x00000000a6a00000, 0x00000000a6b00000, 0x00000000a6b00000|100%| O|  |TAMS 0x00000000a6a00000| PB 0x00000000a6a00000| Untracked |  0
|  41|0x00000000a6b00000, 0x00000000a6c00000, 0x00000000a6c00000|100%| O|  |TAMS 0x00000000a6b00000| PB 0x00000000a6b00000| Untracked |  0
|  42|0x00000000a6c00000, 0x00000000a6d00000, 0x00000000a6d00000|100%| O|  |TAMS 0x00000000a6c00000| PB 0x00000000a6c00000| Untracked |  0
|  43|0x00000000a6d00000, 0x00000000a6e00000, 0x00000000a6e00000|100%| O|  |TAMS 0x00000000a6d00000| PB 0x00000000a6d00000| Untracked |  0
|  44|0x00000000a6e00000, 0x00000000a6f00000, 0x00000000a6f00000|100%| O|  |TAMS 0x00000000a6e00000| PB 0x00000000a6e00000| Untracked |  0
|  45|0x00000000a6f00000, 0x00000000a7000000, 0x00000000a7000000|100%| O|  |TAMS 0x00000000a6f00000| PB 0x00000000a6f00000| Untracked |  0
|  46|0x00000000a7000000, 0x00000000a7100000, 0x00000000a7100000|100%| O|  |TAMS 0x00000000a7000000| PB 0x00000000a7000000| Untracked |  0
|  47|0x00000000a7100000, 0x00000000a7200000, 0x00000000a7200000|100%| O|  |TAMS 0x00000000a7100000| PB 0x00000000a7100000| Untracked |  0
|  48|0x00000000a7200000, 0x00000000a7300000, 0x00000000a7300000|100%| O|  |TAMS 0x00000000a7200000| PB 0x00000000a7200000| Untracked |  0
|  49|0x00000000a7300000, 0x00000000a7400000, 0x00000000a7400000|100%| O|  |TAMS 0x00000000a7300000| PB 0x00000000a7300000| Untracked |  0
|  50|0x00000000a7400000, 0x00000000a7500000, 0x00000000a7500000|100%| O|  |TAMS 0x00000000a7400000| PB 0x00000000a7400000| Untracked |  0
|  51|0x00000000a7500000, 0x00000000a7600000, 0x00000000a7600000|100%| O|  |TAMS 0x00000000a7500000| PB 0x00000000a7500000| Untracked |  0
|  52|0x00000000a7600000, 0x00000000a7700000, 0x00000000a7700000|100%| O|  |TAMS 0x00000000a7600000| PB 0x00000000a7600000| Untracked |  0
|  53|0x00000000a7700000, 0x00000000a7800000, 0x00000000a7800000|100%| O|  |TAMS 0x00000000a7700000| PB 0x00000000a7700000| Untracked |  0
|  54|0x00000000a7800000, 0x00000000a7900000, 0x00000000a7900000|100%| O|  |TAMS 0x00000000a7800000| PB 0x00000000a7800000| Untracked |  0
|  55|0x00000000a7900000, 0x00000000a7a00000, 0x00000000a7a00000|100%| O|  |TAMS 0x00000000a7900000| PB 0x00000000a7900000| Untracked |  0
|  56|0x00000000a7a00000, 0x00000000a7b00000, 0x00000000a7b00000|100%| O|  |TAMS 0x00000000a7a00000| PB 0x00000000a7a00000| Untracked |  0
|  57|0x00000000a7b00000, 0x00000000a7c00000, 0x00000000a7c00000|100%| O|  |TAMS 0x00000000a7b00000| PB 0x00000000a7b00000| Untracked |  0
|  58|0x00000000a7c00000, 0x00000000a7d00000, 0x00000000a7d00000|100%| O|  |TAMS 0x00000000a7c00000| PB 0x00000000a7c00000| Untracked |  0
|  59|0x00000000a7d00000, 0x00000000a7e00000, 0x00000000a7e00000|100%| O|  |TAMS 0x00000000a7d00000| PB 0x00000000a7d00000| Untracked |  0
|  60|0x00000000a7e00000, 0x00000000a7f00000, 0x00000000a7f00000|100%| O|  |TAMS 0x00000000a7e00000| PB 0x00000000a7e00000| Untracked |  0
|  61|0x00000000a7f00000, 0x00000000a8000000, 0x00000000a8000000|100%| O|  |TAMS 0x00000000a7f00000| PB 0x00000000a7f00000| Untracked |  0
|  62|0x00000000a8000000, 0x00000000a8100000, 0x00000000a8100000|100%| O|  |TAMS 0x00000000a8000000| PB 0x00000000a8000000| Untracked |  0
|  63|0x00000000a8100000, 0x00000000a8200000, 0x00000000a8200000|100%| O|  |TAMS 0x00000000a8100000| PB 0x00000000a8100000| Untracked |  0
|  64|0x00000000a8200000, 0x00000000a8300000, 0x00000000a8300000|100%| O|  |TAMS 0x00000000a8200000| PB 0x00000000a8200000| Untracked |  0
|  65|0x00000000a8300000, 0x00000000a8400000, 0x00000000a8400000|100%| O|  |TAMS 0x00000000a8300000| PB 0x00000000a8300000| Untracked |  0
|  66|0x00000000a8400000, 0x00000000a8500000, 0x00000000a8500000|100%| O|  |TAMS 0x00000000a8400000| PB 0x00000000a8400000| Untracked |  0
|  67|0x00000000a8500000, 0x00000000a8600000, 0x00000000a8600000|100%| O|  |TAMS 0x00000000a8500000| PB 0x00000000a8500000| Untracked |  0
|  68|0x00000000a8600000, 0x00000000a8700000, 0x00000000a8700000|100%| O|  |TAMS 0x00000000a8600000| PB 0x00000000a8600000| Untracked |  0
|  69|0x00000000a8700000, 0x00000000a8800000, 0x00000000a8800000|100%| O|  |TAMS 0x00000000a8700000| PB 0x00000000a8700000| Untracked |  0
|  70|0x00000000a8800000, 0x00000000a8900000, 0x00000000a8900000|100%| O|  |TAMS 0x00000000a8800000| PB 0x00000000a8800000| Untracked |  0
|  71|0x00000000a8900000, 0x00000000a8a00000, 0x00000000a8a00000|100%| O|  |TAMS 0x00000000a8900000| PB 0x00000000a8900000| Untracked |  0
|  72|0x00000000a8a00000, 0x00000000a8b00000, 0x00000000a8b00000|100%| O|  |TAMS 0x00000000a8a00000| PB 0x00000000a8a00000| Untracked |  0
|  73|0x00000000a8b00000, 0x00000000a8c00000, 0x00000000a8c00000|100%| O|  |TAMS 0x00000000a8b00000| PB 0x00000000a8b00000| Untracked |  0
|  74|0x00000000a8c00000, 0x00000000a8d00000, 0x00000000a8d00000|100%| O|  |TAMS 0x00000000a8c00000| PB 0x00000000a8c00000| Untracked |  0
|  75|0x00000000a8d00000, 0x00000000a8e00000, 0x00000000a8e00000|100%| O|  |TAMS 0x00000000a8d00000| PB 0x00000000a8d00000| Untracked |  0
|  76|0x00000000a8e00000, 0x00000000a8f00000, 0x00000000a8f00000|100%| O|  |TAMS 0x00000000a8e00000| PB 0x00000000a8e00000| Untracked |  0
|  77|0x00000000a8f00000, 0x00000000a9000000, 0x00000000a9000000|100%| O|  |TAMS 0x00000000a8f00000| PB 0x00000000a8f00000| Untracked |  0
|  78|0x00000000a9000000, 0x00000000a9100000, 0x00000000a9100000|100%| O|  |TAMS 0x00000000a9000000| PB 0x00000000a9000000| Untracked |  0
|  79|0x00000000a9100000, 0x00000000a9200000, 0x00000000a9200000|100%| O|  |TAMS 0x00000000a9100000| PB 0x00000000a9100000| Untracked |  0
|  80|0x00000000a9200000, 0x00000000a9300000, 0x00000000a9300000|100%| O|  |TAMS 0x00000000a9200000| PB 0x00000000a9200000| Untracked |  0
|  81|0x00000000a9300000, 0x00000000a9400000, 0x00000000a9400000|100%| O|  |TAMS 0x00000000a9300000| PB 0x00000000a9300000| Untracked |  0
|  82|0x00000000a9400000, 0x00000000a9500000, 0x00000000a9500000|100%| O|  |TAMS 0x00000000a9400000| PB 0x00000000a9400000| Untracked |  0
|  83|0x00000000a9500000, 0x00000000a9600000, 0x00000000a9600000|100%| O|  |TAMS 0x00000000a9500000| PB 0x00000000a9500000| Untracked |  0
|  84|0x00000000a9600000, 0x00000000a9700000, 0x00000000a9700000|100%| O|  |TAMS 0x00000000a9600000| PB 0x00000000a9600000| Untracked |  0
|  85|0x00000000a9700000, 0x00000000a9800000, 0x00000000a9800000|100%| O|  |TAMS 0x00000000a9700000| PB 0x00000000a9700000| Untracked |  0
|  86|0x00000000a9800000, 0x00000000a9900000, 0x00000000a9900000|100%| O|  |TAMS 0x00000000a9800000| PB 0x00000000a9800000| Untracked |  0
|  87|0x00000000a9900000, 0x00000000a9a00000, 0x00000000a9a00000|100%| O|  |TAMS 0x00000000a9900000| PB 0x00000000a9900000| Untracked |  0
|  88|0x00000000a9a00000, 0x00000000a9b00000, 0x00000000a9b00000|100%| O|  |TAMS 0x00000000a9a00000| PB 0x00000000a9a00000| Untracked |  0
|  89|0x00000000a9b00000, 0x00000000a9c00000, 0x00000000a9c00000|100%| O|  |TAMS 0x00000000a9b00000| PB 0x00000000a9b00000| Untracked |  0
|  90|0x00000000a9c00000, 0x00000000a9d00000, 0x00000000a9d00000|100%| O|  |TAMS 0x00000000a9c00000| PB 0x00000000a9c00000| Untracked |  0
|  91|0x00000000a9d00000, 0x00000000a9e00000, 0x00000000a9e00000|100%| O|  |TAMS 0x00000000a9d00000| PB 0x00000000a9d00000| Untracked |  0
|  92|0x00000000a9e00000, 0x00000000a9f00000, 0x00000000a9f00000|100%| O|  |TAMS 0x00000000a9e00000| PB 0x00000000a9e00000| Untracked |  0
|  93|0x00000000a9f00000, 0x00000000aa000000, 0x00000000aa000000|100%| O|  |TAMS 0x00000000a9f00000| PB 0x00000000a9f00000| Untracked |  0
|  94|0x00000000aa000000, 0x00000000aa100000, 0x00000000aa100000|100%| O|  |TAMS 0x00000000aa000000| PB 0x00000000aa000000| Untracked |  0
|  95|0x00000000aa100000, 0x00000000aa200000, 0x00000000aa200000|100%| O|  |TAMS 0x00000000aa100000| PB 0x00000000aa100000| Untracked |  0
|  96|0x00000000aa200000, 0x00000000aa300000, 0x00000000aa300000|100%| O|  |TAMS 0x00000000aa200000| PB 0x00000000aa200000| Untracked |  0
|  97|0x00000000aa300000, 0x00000000aa400000, 0x00000000aa400000|100%| O|  |TAMS 0x00000000aa300000| PB 0x00000000aa300000| Untracked |  0
|  98|0x00000000aa400000, 0x00000000aa500000, 0x00000000aa500000|100%| O|  |TAMS 0x00000000aa400000| PB 0x00000000aa400000| Untracked |  0
|  99|0x00000000aa500000, 0x00000000aa600000, 0x00000000aa600000|100%| O|  |TAMS 0x00000000aa500000| PB 0x00000000aa500000| Untracked |  0
| 100|0x00000000aa600000, 0x00000000aa700000, 0x00000000aa700000|100%| O|  |TAMS 0x00000000aa600000| PB 0x00000000aa600000| Untracked |  0
| 101|0x00000000aa700000, 0x00000000aa800000, 0x00000000aa800000|100%| O|  |TAMS 0x00000000aa700000| PB 0x00000000aa700000| Untracked |  0
| 102|0x00000000aa800000, 0x00000000aa900000, 0x00000000aa900000|100%| O|  |TAMS 0x00000000aa800000| PB 0x00000000aa800000| Untracked |  0
| 103|0x00000000aa900000, 0x00000000aa900000, 0x00000000aaa00000|  0%| F|  |TAMS 0x00000000aa900000| PB 0x00000000aa900000| Untracked |  0
| 104|0x00000000aaa00000, 0x00000000aab00000, 0x00000000aab00000|100%| O|  |TAMS 0x00000000aaa00000| PB 0x00000000aaa00000| Untracked |  0
| 105|0x00000000aab00000, 0x00000000aab00000, 0x00000000aac00000|  0%| F|  |TAMS 0x00000000aab00000| PB 0x00000000aab00000| Untracked |  0
| 106|0x00000000aac00000, 0x00000000aac00000, 0x00000000aad00000|  0%| F|  |TAMS 0x00000000aac00000| PB 0x00000000aac00000| Untracked |  0
| 107|0x00000000aad00000, 0x00000000aae00000, 0x00000000aae00000|100%| O|  |TAMS 0x00000000aad00000| PB 0x00000000aad00000| Untracked |  0
| 108|0x00000000aae00000, 0x00000000aaf00000, 0x00000000aaf00000|100%| O|  |TAMS 0x00000000aae00000| PB 0x00000000aae00000| Untracked |  0
| 109|0x00000000aaf00000, 0x00000000aaf00000, 0x00000000ab000000|  0%| F|  |TAMS 0x00000000aaf00000| PB 0x00000000aaf00000| Untracked |  0
| 110|0x00000000ab000000, 0x00000000ab100000, 0x00000000ab100000|100%| O|  |TAMS 0x00000000ab000000| PB 0x00000000ab000000| Untracked |  0
| 111|0x00000000ab100000, 0x00000000ab200000, 0x00000000ab200000|100%| O|  |TAMS 0x00000000ab100000| PB 0x00000000ab100000| Untracked |  0
| 112|0x00000000ab200000, 0x00000000ab300000, 0x00000000ab300000|100%| O|  |TAMS 0x00000000ab200000| PB 0x00000000ab200000| Untracked |  0
| 113|0x00000000ab300000, 0x00000000ab400000, 0x00000000ab400000|100%| O|  |TAMS 0x00000000ab300000| PB 0x00000000ab300000| Untracked |  0
| 114|0x00000000ab400000, 0x00000000ab500000, 0x00000000ab500000|100%| O|  |TAMS 0x00000000ab400000| PB 0x00000000ab400000| Untracked |  0
| 115|0x00000000ab500000, 0x00000000ab600000, 0x00000000ab600000|100%| O|  |TAMS 0x00000000ab500000| PB 0x00000000ab500000| Untracked |  0
| 116|0x00000000ab600000, 0x00000000ab600000, 0x00000000ab700000|  0%| F|  |TAMS 0x00000000ab600000| PB 0x00000000ab600000| Untracked |  0
| 117|0x00000000ab700000, 0x00000000ab800000, 0x00000000ab800000|100%| O|  |TAMS 0x00000000ab700000| PB 0x00000000ab700000| Untracked |  0
| 118|0x00000000ab800000, 0x00000000ab900000, 0x00000000ab900000|100%| O|  |TAMS 0x00000000ab800000| PB 0x00000000ab800000| Untracked |  0
| 119|0x00000000ab900000, 0x00000000aba00000, 0x00000000aba00000|100%| O|  |TAMS 0x00000000ab900000| PB 0x00000000ab900000| Untracked |  0
| 120|0x00000000aba00000, 0x00000000abb00000, 0x00000000abb00000|100%| O|  |TAMS 0x00000000aba00000| PB 0x00000000aba00000| Untracked |  0
| 121|0x00000000abb00000, 0x00000000abc00000, 0x00000000abc00000|100%| O|  |TAMS 0x00000000abb00000| PB 0x00000000abb00000| Untracked |  0
| 122|0x00000000abc00000, 0x00000000abd00000, 0x00000000abd00000|100%|HS|  |TAMS 0x00000000abc00000| PB 0x00000000abc00000| Complete |  0
| 123|0x00000000abd00000, 0x00000000abe00000, 0x00000000abe00000|100%| O|  |TAMS 0x00000000abd00000| PB 0x00000000abd00000| Untracked |  0
| 124|0x00000000abe00000, 0x00000000abf00000, 0x00000000abf00000|100%| O|  |TAMS 0x00000000abe00000| PB 0x00000000abe00000| Untracked |  0
| 125|0x00000000abf00000, 0x00000000ac000000, 0x00000000ac000000|100%| O|  |TAMS 0x00000000abf00000| PB 0x00000000abf00000| Untracked |  0
| 126|0x00000000ac000000, 0x00000000ac100000, 0x00000000ac100000|100%| O|  |TAMS 0x00000000ac000000| PB 0x00000000ac000000| Untracked |  0
| 127|0x00000000ac100000, 0x00000000ac200000, 0x00000000ac200000|100%| O|  |TAMS 0x00000000ac100000| PB 0x00000000ac100000| Untracked |  0
| 128|0x00000000ac200000, 0x00000000ac300000, 0x00000000ac300000|100%| O|  |TAMS 0x00000000ac200000| PB 0x00000000ac200000| Untracked |  0
| 129|0x00000000ac300000, 0x00000000ac3e40a8, 0x00000000ac400000| 89%| O|  |TAMS 0x00000000ac300000| PB 0x00000000ac300000| Untracked |  0
| 130|0x00000000ac400000, 0x00000000ac400000, 0x00000000ac500000|  0%| F|  |TAMS 0x00000000ac400000| PB 0x00000000ac400000| Untracked |  0
| 131|0x00000000ac500000, 0x00000000ac500000, 0x00000000ac600000|  0%| F|  |TAMS 0x00000000ac500000| PB 0x00000000ac500000| Untracked |  0
| 132|0x00000000ac600000, 0x00000000ac600000, 0x00000000ac700000|  0%| F|  |TAMS 0x00000000ac600000| PB 0x00000000ac600000| Untracked |  0
| 133|0x00000000ac700000, 0x00000000ac700000, 0x00000000ac800000|  0%| F|  |TAMS 0x00000000ac700000| PB 0x00000000ac700000| Untracked |  0
| 134|0x00000000ac800000, 0x00000000ac800000, 0x00000000ac900000|  0%| F|  |TAMS 0x00000000ac800000| PB 0x00000000ac800000| Untracked |  0
| 135|0x00000000ac900000, 0x00000000ac900000, 0x00000000aca00000|  0%| F|  |TAMS 0x00000000ac900000| PB 0x00000000ac900000| Untracked |  0
| 136|0x00000000aca00000, 0x00000000aca00000, 0x00000000acb00000|  0%| F|  |TAMS 0x00000000aca00000| PB 0x00000000aca00000| Untracked |  0
| 137|0x00000000acb00000, 0x00000000acb4f170, 0x00000000acc00000| 30%| S|CS|TAMS 0x00000000acb00000| PB 0x00000000acb00000| Complete |  0
| 138|0x00000000acc00000, 0x00000000acd00000, 0x00000000acd00000|100%| S|CS|TAMS 0x00000000acc00000| PB 0x00000000acc00000| Complete |  0
| 139|0x00000000acd00000, 0x00000000ace00000, 0x00000000ace00000|100%| S|CS|TAMS 0x00000000acd00000| PB 0x00000000acd00000| Complete |  0
| 140|0x00000000ace00000, 0x00000000acf00000, 0x00000000acf00000|100%| S|CS|TAMS 0x00000000ace00000| PB 0x00000000ace00000| Complete |  0
| 141|0x00000000acf00000, 0x00000000ad000000, 0x00000000ad000000|100%| S|CS|TAMS 0x00000000acf00000| PB 0x00000000acf00000| Complete |  0
| 142|0x00000000ad000000, 0x00000000ad100000, 0x00000000ad100000|100%| S|CS|TAMS 0x00000000ad000000| PB 0x00000000ad000000| Complete |  0
| 143|0x00000000ad100000, 0x00000000ad200000, 0x00000000ad200000|100%| S|CS|TAMS 0x00000000ad100000| PB 0x00000000ad100000| Complete |  0
| 144|0x00000000ad200000, 0x00000000ad300000, 0x00000000ad300000|100%| S|CS|TAMS 0x00000000ad200000| PB 0x00000000ad200000| Complete |  0
| 145|0x00000000ad300000, 0x00000000ad300000, 0x00000000ad400000|  0%| F|  |TAMS 0x00000000ad300000| PB 0x00000000ad300000| Untracked |  0
| 146|0x00000000ad400000, 0x00000000ad400000, 0x00000000ad500000|  0%| F|  |TAMS 0x00000000ad400000| PB 0x00000000ad400000| Untracked |  0
| 147|0x00000000ad500000, 0x00000000ad500000, 0x00000000ad600000|  0%| F|  |TAMS 0x00000000ad500000| PB 0x00000000ad500000| Untracked |  0
| 148|0x00000000ad600000, 0x00000000ad600000, 0x00000000ad700000|  0%| F|  |TAMS 0x00000000ad600000| PB 0x00000000ad600000| Untracked |  0
| 149|0x00000000ad700000, 0x00000000ad700000, 0x00000000ad800000|  0%| F|  |TAMS 0x00000000ad700000| PB 0x00000000ad700000| Untracked |  0
| 150|0x00000000ad800000, 0x00000000ad800000, 0x00000000ad900000|  0%| F|  |TAMS 0x00000000ad800000| PB 0x00000000ad800000| Untracked |  0
| 151|0x00000000ad900000, 0x00000000ad900000, 0x00000000ada00000|  0%| F|  |TAMS 0x00000000ad900000| PB 0x00000000ad900000| Untracked |  0
| 152|0x00000000ada00000, 0x00000000ada00000, 0x00000000adb00000|  0%| F|  |TAMS 0x00000000ada00000| PB 0x00000000ada00000| Untracked |  0
| 153|0x00000000adb00000, 0x00000000adb00000, 0x00000000adc00000|  0%| F|  |TAMS 0x00000000adb00000| PB 0x00000000adb00000| Untracked |  0
| 154|0x00000000adc00000, 0x00000000adc00000, 0x00000000add00000|  0%| F|  |TAMS 0x00000000adc00000| PB 0x00000000adc00000| Untracked |  0
| 155|0x00000000add00000, 0x00000000add00000, 0x00000000ade00000|  0%| F|  |TAMS 0x00000000add00000| PB 0x00000000add00000| Untracked |  0
| 156|0x00000000ade00000, 0x00000000ade00000, 0x00000000adf00000|  0%| F|  |TAMS 0x00000000ade00000| PB 0x00000000ade00000| Untracked |  0
| 157|0x00000000adf00000, 0x00000000adf00000, 0x00000000ae000000|  0%| F|  |TAMS 0x00000000adf00000| PB 0x00000000adf00000| Untracked |  0
| 158|0x00000000ae000000, 0x00000000ae000000, 0x00000000ae100000|  0%| F|  |TAMS 0x00000000ae000000| PB 0x00000000ae000000| Untracked |  0
| 159|0x00000000ae100000, 0x00000000ae100000, 0x00000000ae200000|  0%| F|  |TAMS 0x00000000ae100000| PB 0x00000000ae100000| Untracked |  0
| 160|0x00000000ae200000, 0x00000000ae200000, 0x00000000ae300000|  0%| F|  |TAMS 0x00000000ae200000| PB 0x00000000ae200000| Untracked |  0
| 161|0x00000000ae300000, 0x00000000ae300000, 0x00000000ae400000|  0%| F|  |TAMS 0x00000000ae300000| PB 0x00000000ae300000| Untracked |  0
| 162|0x00000000ae400000, 0x00000000ae400000, 0x00000000ae500000|  0%| F|  |TAMS 0x00000000ae400000| PB 0x00000000ae400000| Untracked |  0
| 163|0x00000000ae500000, 0x00000000ae500000, 0x00000000ae600000|  0%| F|  |TAMS 0x00000000ae500000| PB 0x00000000ae500000| Untracked |  0
| 164|0x00000000ae600000, 0x00000000ae600000, 0x00000000ae700000|  0%| F|  |TAMS 0x00000000ae600000| PB 0x00000000ae600000| Untracked |  0
| 165|0x00000000ae700000, 0x00000000ae700000, 0x00000000ae800000|  0%| F|  |TAMS 0x00000000ae700000| PB 0x00000000ae700000| Untracked |  0
| 166|0x00000000ae800000, 0x00000000ae800000, 0x00000000ae900000|  0%| F|  |TAMS 0x00000000ae800000| PB 0x00000000ae800000| Untracked |  0
| 167|0x00000000ae900000, 0x00000000ae900000, 0x00000000aea00000|  0%| F|  |TAMS 0x00000000ae900000| PB 0x00000000ae900000| Untracked |  0
| 168|0x00000000aea00000, 0x00000000aea00000, 0x00000000aeb00000|  0%| F|  |TAMS 0x00000000aea00000| PB 0x00000000aea00000| Untracked |  0
| 169|0x00000000aeb00000, 0x00000000aeb00000, 0x00000000aec00000|  0%| F|  |TAMS 0x00000000aeb00000| PB 0x00000000aeb00000| Untracked |  0
| 170|0x00000000aec00000, 0x00000000aec00000, 0x00000000aed00000|  0%| F|  |TAMS 0x00000000aec00000| PB 0x00000000aec00000| Untracked |  0
| 171|0x00000000aed00000, 0x00000000aed00000, 0x00000000aee00000|  0%| F|  |TAMS 0x00000000aed00000| PB 0x00000000aed00000| Untracked |  0
| 172|0x00000000aee00000, 0x00000000aee00000, 0x00000000aef00000|  0%| F|  |TAMS 0x00000000aee00000| PB 0x00000000aee00000| Untracked |  0
| 173|0x00000000aef00000, 0x00000000aef00000, 0x00000000af000000|  0%| F|  |TAMS 0x00000000aef00000| PB 0x00000000aef00000| Untracked |  0
| 174|0x00000000af000000, 0x00000000af000000, 0x00000000af100000|  0%| F|  |TAMS 0x00000000af000000| PB 0x00000000af000000| Untracked |  0
| 175|0x00000000af100000, 0x00000000af100000, 0x00000000af200000|  0%| F|  |TAMS 0x00000000af100000| PB 0x00000000af100000| Untracked |  0
| 176|0x00000000af200000, 0x00000000af200000, 0x00000000af300000|  0%| F|  |TAMS 0x00000000af200000| PB 0x00000000af200000| Untracked |  0
| 177|0x00000000af300000, 0x00000000af300000, 0x00000000af400000|  0%| F|  |TAMS 0x00000000af300000| PB 0x00000000af300000| Untracked |  0
| 178|0x00000000af400000, 0x00000000af400000, 0x00000000af500000|  0%| F|  |TAMS 0x00000000af400000| PB 0x00000000af400000| Untracked |  0
| 179|0x00000000af500000, 0x00000000af500000, 0x00000000af600000|  0%| F|  |TAMS 0x00000000af500000| PB 0x00000000af500000| Untracked |  0
| 180|0x00000000af600000, 0x00000000af600000, 0x00000000af700000|  0%| F|  |TAMS 0x00000000af600000| PB 0x00000000af600000| Untracked |  0
| 181|0x00000000af700000, 0x00000000af700000, 0x00000000af800000|  0%| F|  |TAMS 0x00000000af700000| PB 0x00000000af700000| Untracked |  0
| 182|0x00000000af800000, 0x00000000af800000, 0x00000000af900000|  0%| F|  |TAMS 0x00000000af800000| PB 0x00000000af800000| Untracked |  0
| 183|0x00000000af900000, 0x00000000af900000, 0x00000000afa00000|  0%| F|  |TAMS 0x00000000af900000| PB 0x00000000af900000| Untracked |  0
| 184|0x00000000afa00000, 0x00000000afa00000, 0x00000000afb00000|  0%| F|  |TAMS 0x00000000afa00000| PB 0x00000000afa00000| Untracked |  0
| 185|0x00000000afb00000, 0x00000000afb00000, 0x00000000afc00000|  0%| F|  |TAMS 0x00000000afb00000| PB 0x00000000afb00000| Untracked |  0
| 186|0x00000000afc00000, 0x00000000afc00000, 0x00000000afd00000|  0%| F|  |TAMS 0x00000000afc00000| PB 0x00000000afc00000| Untracked |  0
| 187|0x00000000afd00000, 0x00000000afd00000, 0x00000000afe00000|  0%| F|  |TAMS 0x00000000afd00000| PB 0x00000000afd00000| Untracked |  0
| 188|0x00000000afe00000, 0x00000000afe00000, 0x00000000aff00000|  0%| F|  |TAMS 0x00000000afe00000| PB 0x00000000afe00000| Untracked |  0
| 189|0x00000000aff00000, 0x00000000aff00000, 0x00000000b0000000|  0%| F|  |TAMS 0x00000000aff00000| PB 0x00000000aff00000| Untracked |  0
| 190|0x00000000b0000000, 0x00000000b0000000, 0x00000000b0100000|  0%| F|  |TAMS 0x00000000b0000000| PB 0x00000000b0000000| Untracked |  0
| 191|0x00000000b0100000, 0x00000000b0100000, 0x00000000b0200000|  0%| F|  |TAMS 0x00000000b0100000| PB 0x00000000b0100000| Untracked |  0
| 192|0x00000000b0200000, 0x00000000b0200000, 0x00000000b0300000|  0%| F|  |TAMS 0x00000000b0200000| PB 0x00000000b0200000| Untracked |  0
| 193|0x00000000b0300000, 0x00000000b0300000, 0x00000000b0400000|  0%| F|  |TAMS 0x00000000b0300000| PB 0x00000000b0300000| Untracked |  0
| 194|0x00000000b0400000, 0x00000000b0400000, 0x00000000b0500000|  0%| F|  |TAMS 0x00000000b0400000| PB 0x00000000b0400000| Untracked |  0
| 195|0x00000000b0500000, 0x00000000b0500000, 0x00000000b0600000|  0%| F|  |TAMS 0x00000000b0500000| PB 0x00000000b0500000| Untracked |  0
| 196|0x00000000b0600000, 0x00000000b0600000, 0x00000000b0700000|  0%| F|  |TAMS 0x00000000b0600000| PB 0x00000000b0600000| Untracked |  0
| 197|0x00000000b0700000, 0x00000000b0700000, 0x00000000b0800000|  0%| F|  |TAMS 0x00000000b0700000| PB 0x00000000b0700000| Untracked |  0
| 198|0x00000000b0800000, 0x00000000b0800000, 0x00000000b0900000|  0%| F|  |TAMS 0x00000000b0800000| PB 0x00000000b0800000| Untracked |  0
| 199|0x00000000b0900000, 0x00000000b0900000, 0x00000000b0a00000|  0%| F|  |TAMS 0x00000000b0900000| PB 0x00000000b0900000| Untracked |  0
|1466|0x00000000ffc00000, 0x00000000ffc00000, 0x00000000ffd00000|  0%| F|  |TAMS 0x00000000ffc00000| PB 0x00000000ffc00000| Untracked |  0
|1467|0x00000000ffd00000, 0x00000000ffd00000, 0x00000000ffe00000|  0%| F|  |TAMS 0x00000000ffd00000| PB 0x00000000ffd00000| Untracked |  0
|1468|0x00000000ffe00000, 0x00000000ffe00000, 0x00000000fff00000|  0%| F|  |TAMS 0x00000000ffe00000| PB 0x00000000ffe00000| Untracked |  0
|1469|0x00000000fff00000, 0x00000000fff00000, 0x0000000100000000|  0%| F|  |TAMS 0x00000000fff00000| PB 0x00000000fff00000| Untracked |  0

Card table byte_map: [0x000001c575340000,0x000001c575620000] _byte_map_base: 0x000001c574e1f000

Marking Bits: (CMBitMap*) 0x000001c55d3e3180
 Bits: [0x000001c575620000, 0x000001c576d18000)

Polling page: 0x000001c55b200000

Metaspace:

Usage:
  Non-class:     65.80 MB used.
      Class:      8.70 MB used.
       Both:     74.50 MB used.

Virtual space:
  Non-class space:      128.00 MB reserved,      66.31 MB ( 52%) committed,  2 nodes.
      Class space:        1.00 GB reserved,       9.19 MB ( <1%) committed,  1 nodes.
             Both:        1.12 GB reserved,      75.50 MB (  7%) committed. 

Chunk freelists:
   Non-Class:  13.38 MB
       Class:  6.66 MB
        Both:  20.04 MB

MaxMetaspaceSize: unlimited
CompressedClassSpaceSize: 1.00 GB
Initial GC threshold: 21.00 MB
Current GC threshold: 125.75 MB
CDS: on
 - commit_granule_bytes: 65536.
 - commit_granule_words: 8192.
 - virtual_space_node_default_size: 8388608.
 - enlarge_chunks_in_place: 1.
 - use_allocation_guard: 0.


Internal statistics:

num_allocs_failed_limit: 3.
num_arena_births: 1600.
num_arena_deaths: 0.
num_vsnodes_births: 3.
num_vsnodes_deaths: 0.
num_space_committed: 1207.
num_space_uncommitted: 0.
num_chunks_returned_to_freelist: 3.
num_chunks_taken_from_freelist: 4430.
num_chunk_merges: 3.
num_chunk_splits: 3271.
num_chunks_enlarged: 2492.
num_inconsistent_stats: 0.

CodeHeap 'non-profiled nmethods': size=120064Kb used=4867Kb max_used=4867Kb free=115196Kb
 bounds [0x000001c56d7e0000, 0x000001c56dcd0000, 0x000001c574d20000]
CodeHeap 'profiled nmethods': size=120000Kb used=23537Kb max_used=25767Kb free=96462Kb
 bounds [0x000001c565d20000, 0x000001c567680000, 0x000001c56d250000]
CodeHeap 'non-nmethods': size=5696Kb used=1746Kb max_used=1824Kb free=3949Kb
 bounds [0x000001c56d250000, 0x000001c56d4c0000, 0x000001c56d7e0000]
CodeCache: size=245760Kb, used=30150Kb, max_used=32458Kb, free=215607Kb
 total_blobs=10885, nmethods=10111, adapters=677, full_count=0
Compilation: enabled, stopped_count=0, restarted_count=0

Compilation events (20 events):
Event: 177.819 Thread 0x000001c554000c70 nmethod 15257 0x000001c56da39308 code [0x000001c56da39400, 0x000001c56da394a8]
Event: 177.826 Thread 0x000001c554000c70 15258       4       org.jetbrains.kotlin.load.kotlin.FileBasedKotlinClass$4$2::visitParameterAnnotation (87 bytes)
Event: 177.832 Thread 0x000001c579773bf0 15259       3       org.jetbrains.kotlin.load.kotlin.BinaryClassAnnotationAndConstantLoaderImpl$AbstractAnnotationArgumentVisitor$visitArray$1::visitClassLiteral (23 bytes)
Event: 177.833 Thread 0x000001c579773bf0 nmethod 15259 0x000001c566468708 code [0x000001c5664689e0, 0x000001c566469da8]
Event: 177.834 Thread 0x000001c579773bf0 15260       3       org.jetbrains.kotlin.resolve.constants.KClassValue::<init> (22 bytes)
Event: 177.835 Thread 0x000001c579773bf0 nmethod 15260 0x000001c565f6ff88 code [0x000001c565f701e0, 0x000001c565f70fd0]
Event: 177.835 Thread 0x000001c579773bf0 15261       3       org.jetbrains.kotlin.resolve.constants.KClassValue$Value$NormalClass::<init> (17 bytes)
Event: 177.836 Thread 0x000001c579773bf0 nmethod 15261 0x000001c5661ebc88 code [0x000001c5661ebe40, 0x000001c5661ec530]
Event: 177.836 Thread 0x000001c579773bf0 15262       3       org.jetbrains.kotlin.resolve.constants.KClassValue$Value::<init> (5 bytes)
Event: 177.836 Thread 0x000001c579773bf0 nmethod 15262 0x000001c56647ca88 code [0x000001c56647cba0, 0x000001c56647cd68]
Event: 177.836 Thread 0x000001c579773bf0 15263       3       org.jetbrains.kotlin.resolve.constants.KClassValue$Value::<init> (5 bytes)
Event: 177.836 Thread 0x000001c579773bf0 nmethod 15263 0x000001c566236e08 code [0x000001c566236f20, 0x000001c566237088]
Event: 177.836 Thread 0x000001c579773bf0 15264       3       org.jetbrains.kotlin.load.kotlin.BinaryClassAnnotationAndConstantLoaderImpl$AbstractAnnotationArgumentVisitor::visitArray (17 bytes)
Event: 177.837 Thread 0x000001c579773bf0 nmethod 15264 0x000001c566582508 code [0x000001c566582660, 0x000001c566582c50]
Event: 177.837 Thread 0x000001c579773bf0 15265       3       org.jetbrains.kotlin.load.kotlin.BinaryClassAnnotationAndConstantLoaderImpl$AbstractAnnotationArgumentVisitor$visitArray$1::<init> (31 bytes)
Event: 177.838 Thread 0x000001c579773bf0 nmethod 15265 0x000001c566007c08 code [0x000001c566007d60, 0x000001c566008278]
Event: 177.838 Thread 0x000001c579773bf0 15266       3       org.jetbrains.kotlin.load.kotlin.BinaryClassAnnotationAndConstantLoaderImpl$AbstractAnnotationArgumentVisitor$visitArray$1::visitEnd (16 bytes)
Event: 177.838 Thread 0x000001c579773bf0 nmethod 15266 0x000001c566241188 code [0x000001c5662412a0, 0x000001c5662413f8]
Event: 177.838 Thread 0x000001c579773bf0 15267       3       org.jetbrains.kotlin.load.kotlin.BinaryClassAnnotationAndConstantLoaderImpl$loadAnnotation$1::visitArrayValue (261 bytes)
Event: 177.843 Thread 0x000001c579773bf0 nmethod 15267 0x000001c56652c308 code [0x000001c56652c9a0, 0x000001c566530a60]

GC Heap History (20 events):
Event: 174.019 GC heap after
{Heap after GC invocations=44 (full 0):
 garbage-first heap   total reserved 1505280K, committed 158720K, used 98544K [0x00000000a4200000, 0x0000000100000000)
  region size 1024K, 5 young (5120K), 5 survivors (5120K)
 Metaspace       used 75747K, committed 76864K, reserved 1179648K
  class space    used 8904K, committed 9408K, reserved 1048576K
}
Event: 174.432 GC heap before
{Heap before GC invocations=44 (full 0):
 garbage-first heap   total reserved 1505280K, committed 158720K, used 139504K [0x00000000a4200000, 0x0000000100000000)
  region size 1024K, 45 young (46080K), 5 survivors (5120K)
 Metaspace       used 75865K, committed 76928K, reserved 1179648K
  class space    used 8905K, committed 9408K, reserved 1048576K
}
Event: 174.440 GC heap after
{Heap after GC invocations=45 (full 0):
 garbage-first heap   total reserved 1505280K, committed 158720K, used 100454K [0x00000000a4200000, 0x0000000100000000)
  region size 1024K, 5 young (5120K), 5 survivors (5120K)
 Metaspace       used 75865K, committed 76928K, reserved 1179648K
  class space    used 8905K, committed 9408K, reserved 1048576K
}
Event: 174.548 GC heap before
{Heap before GC invocations=45 (full 0):
 garbage-first heap   total reserved 1505280K, committed 158720K, used 107622K [0x00000000a4200000, 0x0000000100000000)
  region size 1024K, 13 young (13312K), 5 survivors (5120K)
 Metaspace       used 75886K, committed 76992K, reserved 1179648K
  class space    used 8905K, committed 9408K, reserved 1048576K
}
Event: 174.553 GC heap after
{Heap after GC invocations=46 (full 0):
 garbage-first heap   total reserved 1505280K, committed 158720K, used 102506K [0x00000000a4200000, 0x0000000100000000)
  region size 1024K, 3 young (3072K), 3 survivors (3072K)
 Metaspace       used 75886K, committed 76992K, reserved 1179648K
  class space    used 8905K, committed 9408K, reserved 1048576K
}
Event: 174.904 GC heap before
{Heap before GC invocations=47 (full 0):
 garbage-first heap   total reserved 1505280K, committed 174080K, used 142442K [0x00000000a4200000, 0x0000000100000000)
  region size 1024K, 41 young (41984K), 3 survivors (3072K)
 Metaspace       used 75915K, committed 76992K, reserved 1179648K
  class space    used 8905K, committed 9408K, reserved 1048576K
}
Event: 174.908 GC heap after
{Heap after GC invocations=48 (full 0):
 garbage-first heap   total reserved 1505280K, committed 174080K, used 105767K [0x00000000a4200000, 0x0000000100000000)
  region size 1024K, 6 young (6144K), 6 survivors (6144K)
 Metaspace       used 75915K, committed 76992K, reserved 1179648K
  class space    used 8905K, committed 9408K, reserved 1048576K
}
Event: 175.313 GC heap before
{Heap before GC invocations=48 (full 0):
 garbage-first heap   total reserved 1505280K, committed 174080K, used 153895K [0x00000000a4200000, 0x0000000100000000)
  region size 1024K, 52 young (53248K), 6 survivors (6144K)
 Metaspace       used 76002K, committed 77056K, reserved 1179648K
  class space    used 8905K, committed 9408K, reserved 1048576K
}
Event: 175.324 GC heap after
{Heap after GC invocations=49 (full 0):
 garbage-first heap   total reserved 1505280K, committed 174080K, used 108391K [0x00000000a4200000, 0x0000000100000000)
  region size 1024K, 7 young (7168K), 7 survivors (7168K)
 Metaspace       used 76002K, committed 77056K, reserved 1179648K
  class space    used 8905K, committed 9408K, reserved 1048576K
}
Event: 175.485 GC heap before
{Heap before GC invocations=49 (full 0):
 garbage-first heap   total reserved 1505280K, committed 174080K, used 117607K [0x00000000a4200000, 0x0000000100000000)
  region size 1024K, 17 young (17408K), 7 survivors (7168K)
 Metaspace       used 76048K, committed 77120K, reserved 1179648K
  class space    used 8908K, committed 9408K, reserved 1048576K
}
Event: 175.491 GC heap after
{Heap after GC invocations=50 (full 0):
 garbage-first heap   total reserved 1505280K, committed 174080K, used 112193K [0x00000000a4200000, 0x0000000100000000)
  region size 1024K, 3 young (3072K), 3 survivors (3072K)
 Metaspace       used 76048K, committed 77120K, reserved 1179648K
  class space    used 8908K, committed 9408K, reserved 1048576K
}
Event: 175.981 GC heap before
{Heap before GC invocations=51 (full 0):
 garbage-first heap   total reserved 1505280K, committed 189440K, used 154177K [0x00000000a4200000, 0x0000000100000000)
  region size 1024K, 42 young (43008K), 3 survivors (3072K)
 Metaspace       used 76100K, committed 77184K, reserved 1179648K
  class space    used 8912K, committed 9408K, reserved 1048576K
}
Event: 175.987 GC heap after
{Heap after GC invocations=52 (full 0):
 garbage-first heap   total reserved 1505280K, committed 189440K, used 116889K [0x00000000a4200000, 0x0000000100000000)
  region size 1024K, 6 young (6144K), 6 survivors (6144K)
 Metaspace       used 76100K, committed 77184K, reserved 1179648K
  class space    used 8912K, committed 9408K, reserved 1048576K
}
Event: 176.554 GC heap before
{Heap before GC invocations=52 (full 0):
 garbage-first heap   total reserved 1505280K, committed 189440K, used 163993K [0x00000000a4200000, 0x0000000100000000)
  region size 1024K, 51 young (52224K), 6 survivors (6144K)
 Metaspace       used 76119K, committed 77184K, reserved 1179648K
  class space    used 8912K, committed 9408K, reserved 1048576K
}
Event: 176.561 GC heap after
{Heap after GC invocations=53 (full 0):
 garbage-first heap   total reserved 1505280K, committed 189440K, used 118719K [0x00000000a4200000, 0x0000000100000000)
  region size 1024K, 5 young (5120K), 5 survivors (5120K)
 Metaspace       used 76119K, committed 77184K, reserved 1179648K
  class space    used 8912K, committed 9408K, reserved 1048576K
}
Event: 176.873 GC heap before
{Heap before GC invocations=53 (full 0):
 garbage-first heap   total reserved 1505280K, committed 189440K, used 149439K [0x00000000a4200000, 0x0000000100000000)
  region size 1024K, 36 young (36864K), 5 survivors (5120K)
 Metaspace       used 76178K, committed 77248K, reserved 1179648K
  class space    used 8912K, committed 9408K, reserved 1048576K
}
Event: 176.878 GC heap after
{Heap after GC invocations=54 (full 0):
 garbage-first heap   total reserved 1505280K, committed 189440K, used 123299K [0x00000000a4200000, 0x0000000100000000)
  region size 1024K, 5 young (5120K), 5 survivors (5120K)
 Metaspace       used 76178K, committed 77248K, reserved 1179648K
  class space    used 8912K, committed 9408K, reserved 1048576K
}
Event: 177.305 GC heap before
{Heap before GC invocations=55 (full 0):
 garbage-first heap   total reserved 1505280K, committed 208896K, used 169379K [0x00000000a4200000, 0x0000000100000000)
  region size 1024K, 49 young (50176K), 5 survivors (5120K)
 Metaspace       used 76232K, committed 77312K, reserved 1179648K
  class space    used 8912K, committed 9408K, reserved 1048576K
}
Event: 177.311 GC heap after
{Heap after GC invocations=56 (full 0):
 garbage-first heap   total reserved 1505280K, committed 208896K, used 128004K [0x00000000a4200000, 0x0000000100000000)
  region size 1024K, 5 young (5120K), 5 survivors (5120K)
 Metaspace       used 76232K, committed 77312K, reserved 1179648K
  class space    used 8912K, committed 9408K, reserved 1048576K
}
Event: 177.844 GC heap before
{Heap before GC invocations=56 (full 0):
 garbage-first heap   total reserved 1505280K, committed 208896K, used 185348K [0x00000000a4200000, 0x0000000100000000)
  region size 1024K, 59 young (60416K), 5 survivors (5120K)
 Metaspace       used 76289K, committed 77312K, reserved 1179648K
  class space    used 8912K, committed 9408K, reserved 1048576K
}

Dll operation events (8 events):
Event: 0.017 Loaded shared library C:\Program Files\Zulu\zulu-23\bin\java.dll
Event: 0.083 Loaded shared library C:\Program Files\Zulu\zulu-23\bin\jsvml.dll
Event: 0.270 Loaded shared library C:\Program Files\Zulu\zulu-23\bin\net.dll
Event: 0.275 Loaded shared library C:\Program Files\Zulu\zulu-23\bin\nio.dll
Event: 0.307 Loaded shared library C:\Program Files\Zulu\zulu-23\bin\zip.dll
Event: 0.661 Loaded shared library C:\Program Files\Zulu\zulu-23\bin\jimage.dll
Event: 5.909 Loaded shared library C:\Program Files\Zulu\zulu-23\bin\verify.dll
Event: 11.732 Loaded shared library C:\Users\Lenovo\AppData\Local\Temp\sqlite-3.41.2.1-d9c0e9be-326f-4972-9af9-2bf50fa507e1-sqlitejdbc.dll

Deoptimization events (20 events):
Event: 175.631 Thread 0x000001c546ceb2e0 DEOPT PACKING pc=0x000001c56db4d664 sp=0x00000047495fc010
Event: 175.631 Thread 0x000001c546ceb2e0 DEOPT UNPACKING pc=0x000001c56d2a4402 sp=0x00000047495fbec8 mode 2
Event: 175.647 Thread 0x000001c546ceb2e0 Uncommon trap: trap_request=0xffffffde fr.pc=0x000001c56dc87988 relative=0x00000000000037e8
Event: 175.647 Thread 0x000001c546ceb2e0 Uncommon trap: reason=class_check action=maybe_recompile pc=0x000001c56dc87988 method=org.jetbrains.kotlin.types.TypeSubstitutor.unsafeSubstitute(Lorg/jetbrains/kotlin/types/TypeProjection;Lorg/jetbrains/kotlin/descriptors/TypeParameterDescriptor;I)Lorg/j
Event: 175.647 Thread 0x000001c546ceb2e0 DEOPT PACKING pc=0x000001c56dc87988 sp=0x00000047495fbec0
Event: 175.647 Thread 0x000001c546ceb2e0 DEOPT UNPACKING pc=0x000001c56d2a4402 sp=0x00000047495fbea0 mode 2
Event: 175.647 Thread 0x000001c546ceb2e0 Uncommon trap: trap_request=0xffffffde fr.pc=0x000001c56dc87e84 relative=0x0000000000003ce4
Event: 175.647 Thread 0x000001c546ceb2e0 Uncommon trap: reason=class_check action=maybe_recompile pc=0x000001c56dc87e84 method=org.jetbrains.kotlin.types.TypeSubstitutor.substituteTypeArguments(Ljava/util/List;Ljava/util/List;I)Ljava/util/List; @ 83 c2
Event: 175.647 Thread 0x000001c546ceb2e0 DEOPT PACKING pc=0x000001c56dc87e84 sp=0x00000047495fbfa0
Event: 175.647 Thread 0x000001c546ceb2e0 DEOPT UNPACKING pc=0x000001c56d2a4402 sp=0x00000047495fbe30 mode 2
Event: 176.479 Thread 0x000001c546ceb2e0 DEOPT PACKING pc=0x000001c5667ef6ce sp=0x00000047495fc5e0
Event: 176.479 Thread 0x000001c546ceb2e0 DEOPT UNPACKING pc=0x000001c56d2a4b22 sp=0x00000047495fbaa8 mode 0
Event: 176.534 Thread 0x000001c546ceb2e0 DEOPT PACKING pc=0x000001c56609da2d sp=0x00000047495fc500
Event: 176.534 Thread 0x000001c546ceb2e0 DEOPT UNPACKING pc=0x000001c56d2a4b22 sp=0x00000047495fbad0 mode 0
Event: 176.610 Thread 0x000001c546ceb2e0 DEOPT PACKING pc=0x000001c566796076 sp=0x00000047495fbed0
Event: 176.610 Thread 0x000001c546ceb2e0 DEOPT UNPACKING pc=0x000001c56d2a4b22 sp=0x00000047495fb400 mode 0
Event: 177.394 Thread 0x000001c546ceb2e0 DEOPT PACKING pc=0x000001c566a057e9 sp=0x00000047495fb970
Event: 177.394 Thread 0x000001c546ceb2e0 DEOPT UNPACKING pc=0x000001c56d2a4b22 sp=0x00000047495fae88 mode 0
Event: 177.647 Thread 0x000001c546ceb2e0 DEOPT PACKING pc=0x000001c56766a619 sp=0x00000047495f8960
Event: 177.647 Thread 0x000001c546ceb2e0 DEOPT UNPACKING pc=0x000001c56d2a4b22 sp=0x00000047495f7e38 mode 0

Classes loaded (20 events):
Event: 157.633 Loading class java/util/stream/SliceOps
Event: 157.635 Loading class java/util/stream/SliceOps done
Event: 157.635 Loading class java/util/stream/SliceOps$1
Event: 157.635 Loading class java/util/stream/SliceOps$1 done
Event: 157.637 Loading class java/util/stream/SliceOps$1$1
Event: 157.637 Loading class java/util/stream/SliceOps$1$1 done
Event: 158.054 Loading class java/util/RegularEnumSet$EnumSetIterator
Event: 158.055 Loading class java/util/RegularEnumSet$EnumSetIterator done
Event: 166.506 Loading class java/util/EnumMap$EntrySet
Event: 166.510 Loading class java/util/EnumMap$EntrySet done
Event: 166.510 Loading class java/util/EnumMap$EntryIterator
Event: 166.514 Loading class java/util/EnumMap$EnumMapIterator
Event: 166.514 Loading class java/util/EnumMap$EnumMapIterator done
Event: 166.514 Loading class java/util/EnumMap$EntryIterator done
Event: 166.514 Loading class java/util/EnumMap$EntryIterator$Entry
Event: 166.514 Loading class java/util/EnumMap$EntryIterator$Entry done
Event: 168.307 Loading class java/util/concurrent/CompletableFuture$AsyncRun
Event: 168.308 Loading class java/util/concurrent/CompletableFuture$AsyncRun done
Event: 168.403 Loading class java/util/concurrent/locks/ReentrantReadWriteLock$Sync$HoldCounter
Event: 168.403 Loading class java/util/concurrent/locks/ReentrantReadWriteLock$Sync$HoldCounter done

Classes unloaded (0 events):
No events

Classes redefined (0 events):
No events

Internal exceptions (20 events):
Event: 156.330 Thread 0x000001c546ceb2e0 Implicit null exception at 0x000001c56da1909d to 0x000001c56da190d8
Event: 156.693 Thread 0x000001c546ceb2e0 Exception <a 'java/lang/NoSuchMethodError'{0x00000000a83e6f90}: 'int java.lang.invoke.DirectMethodHandle$Holder.invokeStaticInit(java.lang.Object, int)'> (0x00000000a83e6f90) 
thrown [s\src\hotspot\share\interpreter\linkResolver.cpp, line 796]
Event: 157.004 Thread 0x000001c546ceb2e0 Exception <a 'java/lang/NoSuchMethodError'{0x00000000a803fc68}: 'java.lang.Object java.lang.invoke.DirectMethodHandle$Holder.invokeSpecial(java.lang.Object, java.lang.Object, int, java.lang.Object, java.lang.Object)'> (0x00000000a803fc68) 
thrown [s\src\hotspot\share\interpreter\linkResolver.cpp, line 796]
Event: 158.160 Thread 0x000001c546ceb2e0 Exception <a 'java/lang/NoSuchMethodError'{0x00000000a90b9c00}: 'java.lang.Object java.lang.invoke.DirectMethodHandle$Holder.newInvokeSpecial(java.lang.Object, java.lang.Object, java.lang.Object, java.lang.Object, java.lang.Object, java.lang.Object, java.lang.Object, int)'> (0x00000000a90b9c00) 
thrown [s\src\hotspot\share\interpreter\linkResolver.cpp, line 796]
Event: 158.161 Thread 0x000001c546ceb2e0 Exception <a 'java/lang/NoSuchMethodError'{0x00000000a90be520}: 'java.lang.Object java.lang.invoke.DirectMethodHandle$Holder.invokeSpecial(java.lang.Object, java.lang.Object, java.lang.Object, java.lang.Object, java.lang.Object, java.lang.Object, java.lang.Object, java.lang.Object, int)'> (0x00000000a90be520) 
thrown [s\src\hotspot\share\interpreter\linkResolver.cpp, line 796]
Event: 159.022 Thread 0x000001c546ceb2e0 Implicit null exception at 0x000001c56d92d00a to 0x000001c56d92d380
Event: 159.025 Thread 0x000001c546ceb2e0 Exception <a 'java/lang/NoSuchMethodError'{0x00000000a8dfa9e8}: 'void java.lang.invoke.DirectMethodHandle$Holder.invokeSpecial(java.lang.Object, java.lang.Object, int, java.lang.Object)'> (0x00000000a8dfa9e8) 
thrown [s\src\hotspot\share\interpreter\linkResolver.cpp, line 796]
Event: 159.535 Thread 0x000001c546ceb2e0 Exception <a 'java/lang/NoSuchMethodError'{0x00000000aa5529f0}: 'java.lang.Object java.lang.invoke.DirectMethodHandle$Holder.invokeSpecial(java.lang.Object, java.lang.Object, java.lang.Object, java.lang.Object, java.lang.Object, java.lang.Object, int)'> (0x00000000aa5529f0) 
thrown [s\src\hotspot\share\interpreter\linkResolver.cpp, line 796]
Event: 159.748 Thread 0x000001c546ceb2e0 Exception <a 'java/lang/NoSuchMethodError'{0x00000000aa5f3168}: 'java.lang.Object java.lang.invoke.DirectMethodHandle$Holder.newInvokeSpecial(java.lang.Object, java.lang.Object, java.lang.Object, java.lang.Object, java.lang.Object, java.lang.Object, java.lang.Object, int, java.lang.Object)'> (0x00000000aa5f3168) 
thrown [s\src\hotspot\share\interpreter\linkResolver.cpp, line 796]
Event: 160.140 Thread 0x000001c546ceb2e0 Exception <a 'java/lang/NoSuchMethodError'{0x00000000a90206f8}: 'java.lang.Object java.lang.invoke.DirectMethodHandle$Holder.invokeStatic(java.lang.Object, int, java.lang.Object)'> (0x00000000a90206f8) 
thrown [s\src\hotspot\share\interpreter\linkResolver.cpp, line 796]
Event: 160.588 Thread 0x000001c546ceb2e0 Exception <a 'java/lang/IncompatibleClassChangeError'{0x00000000aa5721d0}: Found class java.lang.Object, but interface was expected> (0x00000000aa5721d0) 
thrown [s\src\hotspot\share\interpreter\linkResolver.cpp, line 863]
Event: 161.919 Thread 0x000001c546ceb2e0 Exception <a 'java/lang/NoSuchMethodError'{0x00000000a9c487c0}: 'java.lang.Object java.lang.invoke.DirectMethodHandle$Holder.invokeStatic(java.lang.Object, int, java.lang.Object, java.lang.Object)'> (0x00000000a9c487c0) 
thrown [s\src\hotspot\share\interpreter\linkResolver.cpp, line 796]
Event: 161.920 Thread 0x000001c546ceb2e0 Exception <a 'java/lang/NoSuchMethodError'{0x00000000a9c50ac0}: 'java.lang.Object java.lang.invoke.DirectMethodHandle$Holder.newInvokeSpecial(java.lang.Object, int, java.lang.Object)'> (0x00000000a9c50ac0) 
thrown [s\src\hotspot\share\interpreter\linkResolver.cpp, line 796]
Event: 163.852 Thread 0x000001c546ceb2e0 Exception <a 'java/lang/NoSuchMethodError'{0x00000000ab568148}: 'java.lang.Object java.lang.invoke.DirectMethodHandle$Holder.newInvokeSpecial(java.lang.Object, java.lang.Object, java.lang.Object, java.lang.Object, int, int)'> (0x00000000ab568148) 
thrown [s\src\hotspot\share\interpreter\linkResolver.cpp, line 796]
Event: 167.445 Thread 0x000001c546ceb2e0 Implicit null exception at 0x000001c56db5c849 to 0x000001c56db5c90d
Event: 168.111 Thread 0x000001c546ceb2e0 Exception <a 'java/lang/NoSuchMethodError'{0x00000000ab68b218}: 'java.lang.Object java.lang.invoke.DirectMethodHandle$Holder.invokeStatic(java.lang.Object, int, int, java.lang.Object)'> (0x00000000ab68b218) 
thrown [s\src\hotspot\share\interpreter\linkResolver.cpp, line 796]
Event: 169.378 Thread 0x000001c551ff0a20 Exception <a 'java/lang/NoSuchMethodError'{0x00000000ac280f68}: 'java.lang.Object java.lang.invoke.DirectMethodHandle$Holder.invokeStatic(java.lang.Object, java.lang.Object, java.lang.Object, java.lang.Object, long, java.lang.Object)'> (0x00000000ac280f68) 
thrown [s\src\hotspot\share\interpreter\linkResolver.cpp, line 796]
Event: 169.380 Thread 0x000001c551ff0a20 Exception <a 'java/lang/NoSuchMethodError'{0x00000000ac2883c8}: 'java.lang.Object java.lang.invoke.DirectMethodHandle$Holder.newInvokeSpecial(java.lang.Object, java.lang.Object, java.lang.Object, java.lang.Object, long)'> (0x00000000ac2883c8) 
thrown [s\src\hotspot\share\interpreter\linkResolver.cpp, line 796]
Event: 169.380 Thread 0x000001c551ff0a20 Exception <a 'java/lang/NoSuchMethodError'{0x00000000ac28c120}: 'java.lang.Object java.lang.invoke.DirectMethodHandle$Holder.invokeSpecial(java.lang.Object, java.lang.Object, java.lang.Object, java.lang.Object, java.lang.Object, long)'> (0x00000000ac28c120) 
thrown [s\src\hotspot\share\interpreter\linkResolver.cpp, line 796]
Event: 169.381 Thread 0x000001c551ff0a20 Exception <a 'java/lang/NoSuchMethodError'{0x00000000ac28f8f8}: 'java.lang.Object java.lang.invoke.Invokers$Holder.linkToTargetMethod(java.lang.Object, java.lang.Object, java.lang.Object, long, java.lang.Object)'> (0x00000000ac28f8f8) 
thrown [s\src\hotspot\share\interpreter\linkResolver.cpp, line 796]

VM Operations (20 events):
Event: 175.462 Executing VM operation: HandshakeAllThreads (Deoptimize) done
Event: 175.485 Executing VM operation: G1TryInitiateConcMark (G1 Humongous Allocation)
Event: 175.491 Executing VM operation: G1TryInitiateConcMark (G1 Humongous Allocation) done
Event: 175.636 Executing VM operation: G1PauseRemark
Event: 175.644 Executing VM operation: G1PauseRemark done
Event: 175.681 Executing VM operation: G1PauseCleanup
Event: 175.682 Executing VM operation: G1PauseCleanup done
Event: 175.981 Executing VM operation: G1CollectForAllocation (G1 Evacuation Pause)
Event: 175.988 Executing VM operation: G1CollectForAllocation (G1 Evacuation Pause) done
Event: 176.554 Executing VM operation: G1CollectForAllocation (G1 Evacuation Pause)
Event: 176.561 Executing VM operation: G1CollectForAllocation (G1 Evacuation Pause) done
Event: 176.872 Executing VM operation: G1TryInitiateConcMark (G1 Humongous Allocation)
Event: 176.878 Executing VM operation: G1TryInitiateConcMark (G1 Humongous Allocation) done
Event: 177.011 Executing VM operation: G1PauseRemark
Event: 177.036 Executing VM operation: G1PauseRemark done
Event: 177.074 Executing VM operation: G1PauseCleanup
Event: 177.074 Executing VM operation: G1PauseCleanup done
Event: 177.305 Executing VM operation: G1CollectForAllocation (G1 Evacuation Pause)
Event: 177.311 Executing VM operation: G1CollectForAllocation (G1 Evacuation Pause) done
Event: 177.844 Executing VM operation: G1CollectForAllocation (G1 Evacuation Pause)

Memory protections (0 events):
No events

Nmethod flushes (20 events):
Event: 177.034 Thread 0x000001c57974d240 flushing  nmethod 0x000001c565f05508
Event: 177.034 Thread 0x000001c57974d240 flushing  nmethod 0x000001c565fb9d08
Event: 177.034 Thread 0x000001c57974d240 flushing  nmethod 0x000001c566050d08
Event: 177.034 Thread 0x000001c57974d240 flushing  nmethod 0x000001c566051588
Event: 177.034 Thread 0x000001c57974d240 flushing  nmethod 0x000001c56607c508
Event: 177.034 Thread 0x000001c57974d240 flushing  nmethod 0x000001c566272a08
Event: 177.034 Thread 0x000001c57974d240 flushing  nmethod 0x000001c566274288
Event: 177.034 Thread 0x000001c57974d240 flushing  nmethod 0x000001c566430688
Event: 177.034 Thread 0x000001c57974d240 flushing  nmethod 0x000001c566475408
Event: 177.034 Thread 0x000001c57974d240 flushing  nmethod 0x000001c566617e08
Event: 177.034 Thread 0x000001c57974d240 flushing  nmethod 0x000001c56662da08
Event: 177.034 Thread 0x000001c57974d240 flushing  nmethod 0x000001c566762b88
Event: 177.034 Thread 0x000001c57974d240 flushing  nmethod 0x000001c566763308
Event: 177.034 Thread 0x000001c57974d240 flushing  nmethod 0x000001c566765188
Event: 177.034 Thread 0x000001c57974d240 flushing  nmethod 0x000001c5667ec808
Event: 177.034 Thread 0x000001c57974d240 flushing  nmethod 0x000001c5667ecb08
Event: 177.034 Thread 0x000001c57974d240 flushing  nmethod 0x000001c5667ece88
Event: 177.034 Thread 0x000001c57974d240 flushing  nmethod 0x000001c5667ed188
Event: 177.034 Thread 0x000001c57974d240 flushing  nmethod 0x000001c5667ed488
Event: 177.034 Thread 0x000001c57974d240 flushing  nmethod 0x000001c5667ed788

Events (20 events):
Event: 111.823 Thread 0x000001c546ceac50 Thread exited: 0x000001c546ceac50
Event: 111.827 Thread 0x000001c546ce98a0 Thread exited: 0x000001c546ce98a0
Event: 112.864 Thread 0x000001c545227740 Thread added: 0x000001c546ce98a0
Event: 112.865 Thread 0x000001c545227740 Thread added: 0x000001c546ce7e60
Event: 131.761 Thread 0x000001c546ce98a0 Thread exited: 0x000001c546ce98a0
Event: 131.766 Thread 0x000001c546ce7e60 Thread exited: 0x000001c546ce7e60
Event: 135.923 Thread 0x000001c545227740 Thread added: 0x000001c546ce98a0
Event: 136.245 Thread 0x000001c546ce98a0 Thread added: 0x000001c546ceac50
Event: 136.245 Thread 0x000001c546ce98a0 Thread added: 0x000001c546ce9f30
Event: 144.315 Thread 0x000001c545227740 Thread added: 0x000001c546ceb2e0
Event: 165.359 Thread 0x000001c579773bf0 Thread added: 0x000001c551fc7440
Event: 166.068 Thread 0x000001c551fc7440 Thread exited: 0x000001c551fc7440
Event: 166.379 Thread 0x000001c579773bf0 Thread added: 0x000001c5520d4590
Event: 168.308 Thread 0x000001c546ceb2e0 Thread added: 0x000001c551ff0a20
Event: 168.323 Thread 0x000001c579773bf0 Thread added: 0x000001c5520d9750
Event: 170.224 Thread 0x000001c5520d9750 Thread exited: 0x000001c5520d9750
Event: 171.633 Thread 0x000001c579773bf0 Thread added: 0x000001c552978320
Event: 175.264 Thread 0x000001c552978320 Thread exited: 0x000001c552978320
Event: 175.535 Thread 0x000001c5520d4590 Thread exited: 0x000001c5520d4590
Event: 175.882 Thread 0x000001c579773bf0 Thread added: 0x000001c554000c70


Dynamic libraries:
0x00007ff688950000 - 0x00007ff68895e000 	C:\Program Files\Zulu\zulu-23\bin\java.exe
0x00007ffb04ce0000 - 0x00007ffb04f43000 	C:\WINDOWS\SYSTEM32\ntdll.dll
0x00007ffb035b0000 - 0x00007ffb03678000 	C:\WINDOWS\System32\KERNEL32.DLL
0x00007ffb02450000 - 0x00007ffb02802000 	C:\WINDOWS\System32\KERNELBASE.dll
0x00007ffb02150000 - 0x00007ffb0229b000 	C:\WINDOWS\System32\ucrtbase.dll
0x00007ffaeb280000 - 0x00007ffaeb29b000 	C:\Program Files\Zulu\zulu-23\bin\VCRUNTIME140.dll
0x00007ffaf1210000 - 0x00007ffaf1227000 	C:\Program Files\Zulu\zulu-23\bin\jli.dll
0x00007ffb03940000 - 0x00007ffb03b08000 	C:\WINDOWS\System32\USER32.dll
0x00007ffb022a0000 - 0x00007ffb022c7000 	C:\WINDOWS\System32\win32u.dll
0x00007ffaec5f0000 - 0x00007ffaec880000 	C:\WINDOWS\WinSxS\amd64_microsoft.windows.common-controls_6595b64144ccf1df_6.0.26100.2454_none_3e0b68a2e331ad60\COMCTL32.dll
0x00007ffb03b10000 - 0x00007ffb03b3a000 	C:\WINDOWS\System32\GDI32.dll
0x00007ffb04bf0000 - 0x00007ffb04c99000 	C:\WINDOWS\System32\msvcrt.dll
0x00007ffb02960000 - 0x00007ffb02a8b000 	C:\WINDOWS\System32\gdi32full.dll
0x00007ffb02a90000 - 0x00007ffb02b33000 	C:\WINDOWS\System32\msvcp_win.dll
0x00007ffb03790000 - 0x00007ffb037bf000 	C:\WINDOWS\System32\IMM32.DLL
0x00007ffafcd70000 - 0x00007ffafcd7c000 	C:\Program Files\Zulu\zulu-23\bin\vcruntime140_1.dll
0x00007ffad0190000 - 0x00007ffad021e000 	C:\Program Files\Zulu\zulu-23\bin\msvcp140.dll
0x00007ffa8b890000 - 0x00007ffa8c666000 	C:\Program Files\Zulu\zulu-23\bin\server\jvm.dll
0x00007ffb048d0000 - 0x00007ffb04984000 	C:\WINDOWS\System32\ADVAPI32.dll
0x00007ffb04820000 - 0x00007ffb048c6000 	C:\WINDOWS\System32\sechost.dll
0x00007ffb037d0000 - 0x00007ffb038e6000 	C:\WINDOWS\System32\RPCRT4.dll
0x00007ffb04790000 - 0x00007ffb04804000 	C:\WINDOWS\System32\WS2_32.dll
0x00007ffaf41d0000 - 0x00007ffaf41db000 	C:\WINDOWS\SYSTEM32\VERSION.dll
0x00007ffb01f40000 - 0x00007ffb01f8e000 	C:\WINDOWS\SYSTEM32\POWRPROF.dll
0x00007ffaf4240000 - 0x00007ffaf4276000 	C:\WINDOWS\SYSTEM32\WINMM.dll
0x00007ffb01f20000 - 0x00007ffb01f34000 	C:\WINDOWS\SYSTEM32\UMPDC.dll
0x00007ffb00ef0000 - 0x00007ffb00f0a000 	C:\WINDOWS\SYSTEM32\kernel.appcore.dll
0x00007ffaf8240000 - 0x00007ffaf824a000 	C:\Program Files\Zulu\zulu-23\bin\jimage.dll
0x00007ffaffb20000 - 0x00007ffaffd61000 	C:\WINDOWS\SYSTEM32\DBGHELP.DLL
0x00007ffb02fd0000 - 0x00007ffb0334e000 	C:\WINDOWS\System32\combase.dll
0x00007ffb046b0000 - 0x00007ffb04786000 	C:\WINDOWS\System32\OLEAUT32.dll
0x00007ffaeb730000 - 0x00007ffaeb769000 	C:\WINDOWS\SYSTEM32\dbgcore.DLL
0x00007ffb020b0000 - 0x00007ffb02149000 	C:\WINDOWS\System32\bcryptPrimitives.dll
0x00007ffaeb250000 - 0x00007ffaeb26e000 	C:\Program Files\Zulu\zulu-23\bin\java.dll
0x00007ffb03b40000 - 0x00007ffb03cd9000 	C:\WINDOWS\System32\ole32.dll
0x00007ffb03d90000 - 0x00007ffb04491000 	C:\WINDOWS\System32\SHELL32.dll
0x00007ffaffdc0000 - 0x00007ffb005f1000 	C:\WINDOWS\SYSTEM32\windows.storage.dll
0x00007ffb04540000 - 0x00007ffb0461a000 	C:\WINDOWS\System32\SHCORE.dll
0x00007ffb03370000 - 0x00007ffb033cd000 	C:\WINDOWS\System32\shlwapi.dll
0x00007ffb01fc0000 - 0x00007ffb01fee000 	C:\WINDOWS\SYSTEM32\profapi.dll
0x00007ffaca340000 - 0x00007ffaca417000 	C:\Program Files\Zulu\zulu-23\bin\jsvml.dll
0x00007ffad4fa0000 - 0x00007ffad4fb0000 	C:\Program Files\Zulu\zulu-23\bin\net.dll
0x00007ffb013f0000 - 0x00007ffb01458000 	C:\WINDOWS\system32\mswsock.dll
0x00007ffad0150000 - 0x00007ffad0166000 	C:\Program Files\Zulu\zulu-23\bin\nio.dll
0x00007ffad0170000 - 0x00007ffad0187000 	C:\Program Files\Zulu\zulu-23\bin\zip.dll
0x00007ffb01690000 - 0x00007ffb016ac000 	C:\WINDOWS\SYSTEM32\CRYPTSP.dll
0x00007ffb00e50000 - 0x00007ffb00e88000 	C:\WINDOWS\system32\rsaenh.dll
0x00007ffb01490000 - 0x00007ffb014bb000 	C:\WINDOWS\SYSTEM32\USERENV.dll
0x00007ffb018d0000 - 0x00007ffb018f6000 	C:\WINDOWS\SYSTEM32\bcrypt.dll
0x00007ffb016b0000 - 0x00007ffb016bc000 	C:\WINDOWS\SYSTEM32\CRYPTBASE.dll
0x00007ffb00960000 - 0x00007ffb00992000 	C:\WINDOWS\SYSTEM32\IPHLPAPI.DLL
0x00007ffb03360000 - 0x00007ffb0336a000 	C:\WINDOWS\System32\NSI.dll
0x00007ffad2790000 - 0x00007ffad27a0000 	C:\Program Files\Zulu\zulu-23\bin\verify.dll
0x00007ffaa5220000 - 0x00007ffaa5309000 	C:\Users\Lenovo\AppData\Local\Temp\sqlite-3.41.2.1-d9c0e9be-326f-4972-9af9-2bf50fa507e1-sqlitejdbc.dll

dbghelp: loaded successfully - version: 4.0.5 - missing functions: none
symbol engine: initialized successfully - sym options: 0x614 - pdb path: .;C:\Program Files\Zulu\zulu-23\bin;C:\WINDOWS\SYSTEM32;C:\WINDOWS\WinSxS\amd64_microsoft.windows.common-controls_6595b64144ccf1df_6.0.26100.2454_none_3e0b68a2e331ad60;C:\Program Files\Zulu\zulu-23\bin\server;C:\Users\Lenovo\AppData\Local\Temp

VM Arguments:
jvm_args: -DkotlinLanguageServer.version=1.3.13 
java_command: org.javacs.kt.MainKt
java_class_path (initial): c:\Users\Lenovo\AppData\Roaming\Cursor\User\globalStorage\fwcd.kotlin\langServerInstall\server\lib\server-1.3.13.jar;c:\Users\Lenovo\AppData\Roaming\Cursor\User\globalStorage\fwcd.kotlin\langServerInstall\server\lib\shared-1.3.13.jar;c:\Users\Lenovo\AppData\Roaming\Cursor\User\globalStorage\fwcd.kotlin\langServerInstall\server\lib\kotlin-scripting-jvm-host-unshaded-2.1.0.jar;c:\Users\Lenovo\AppData\Roaming\Cursor\User\globalStorage\fwcd.kotlin\langServerInstall\server\lib\kotlin-scripting-compiler-2.1.0.jar;c:\Users\Lenovo\AppData\Roaming\Cursor\User\globalStorage\fwcd.kotlin\langServerInstall\server\lib\ktfmt-b5d31d1.jar;c:\Users\Lenovo\AppData\Roaming\Cursor\User\globalStorage\fwcd.kotlin\langServerInstall\server\lib\kotlin-compiler-2.1.0.jar;c:\Users\Lenovo\AppData\Roaming\Cursor\User\globalStorage\fwcd.kotlin\langServerInstall\server\lib\exposed-dao-0.37.3.jar;c:\Users\Lenovo\AppData\Roaming\Cursor\User\globalStorage\fwcd.kotlin\langServerInstall\server\lib\exposed-jdbc-0.37.3.jar;c:\Users\Lenovo\AppData\Roaming\Cursor\User\globalStorage\fwcd.kotlin\langServerInstall\server\lib\exposed-core-0.37.3.jar;c:\Users\Lenovo\AppData\Roaming\Cursor\User\globalStorage\fwcd.kotlin\langServerInstall\server\lib\kotlin-scripting-compiler-impl-2.1.0.jar;c:\Users\Lenovo\AppData\Roaming\Cursor\User\globalStorage\fwcd.kotlin\langServerInstall\server\lib\kotlin-reflect-2.1.0.jar;c:\Users\Lenovo\AppData\Roaming\Cursor\User\globalStorage\fwcd.kotlin\langServerInstall\server\lib\kotlin-scripting-jvm-2.1.0.jar;c:\Users\Lenovo\AppData\Roaming\Cursor\User\globalStorage\fwcd.kotlin\langServerInstall\server\lib\kotlin-scripting-common-2.1.0.jar;c:\Users\Lenovo\AppData\Roaming\Cursor\User\globalStorage\fwcd.kotlin\langServerInstall\server\lib\kotlinx-coroutines-core-jvm-1.6.4.jar;c:\Users\Lenovo\AppData\Roaming\Cursor\User\globalStorage\fwcd.kotlin\langServerInstall\server\lib\kotlin-stdlib-jdk8-2.1.0.jar;c:\Users\Lenovo\AppData\Roaming\Cursor\User\globalStorage\fwcd.kotlin\langServerInstall\server\lib\kotlin-stdlib-jdk7-2.1.0.jar;c:\Users\Lenovo\AppData\Roaming\Cursor\User\globalStorage\fwcd.kotlin\langServerInstall\server\lib\kotlin-stdlib-2.1.0.jar;c:\Users\Lenovo\AppData\Roaming\Cursor\User\globalStorage\fwcd.kotlin\langServerInstall\server\lib\org.eclipse.lsp4j-0.21.2.jar;c:\Users\Lenovo\AppData\Roaming\Cursor\User\globalStorage\fwcd.kotlin\langServerInstall\server\lib\org.eclipse.lsp4j.jsonrpc-0.21.2.jar;c:\Users\Lenovo\AppData\Roaming\Cursor\User\globalStorage\fwcd.kotlin\langServerInstall\server\lib\kotlin-sam-with-receiver-compiler-plugin-2.1.0.jar;c:\Users\Lenovo\AppData\Roaming\Cursor\User\globalStorage\fwcd.kotlin\langServerInstall\server\lib\fernflower-1.0.jar;c:\Users\Lenovo\AppData\Roaming\Cursor\User\globalStorage\fwcd.kotlin\langServerInstall\server\lib\h2-1.4.200.jar;c:\Users\Lenovo\AppData\Roaming\Cursor\User\globalStorage\fwcd.kotlin\langServerInstall\server\lib\jcommander-1.78.jar;c:\Users\Lenovo\AppData\Roaming\Cursor\User\globalStorage\fwcd.kotlin\langServerInstall\server\lib\sqlite-jdbc-3.41.2.1.jar;c:\Users\Lenovo\AppData\Roaming\Cursor\User\globalStorage\fwcd.kotlin\langServerInstall\server\lib\google-java-format-1.8.jar;c:\Users\Lenovo\AppData\Roaming\Cursor\User\globalStorage\fwcd.kotlin\langServerInstall\server\lib\guava-33.3.0-jre.jar;c:\Users\Lenovo\AppData\Roaming\Cursor\User\globalStorage\fwcd.kotlin\langServerInstall\server\lib\annotations-13.0.jar;c:\Users\Lenovo\AppData\Roaming\Cursor\User\globalStorage\fwcd.kotlin\langServerInstall\server\lib\gson-2.10.1.jar;c:\Users\Lenovo\AppData\Roaming\Cursor\User\globalStorage\fwcd.kotlin\langServerInstall\server\lib\kotlin-script-runtime-2.1.0.jar;c:\Users\Lenovo\AppData\Roaming\Cursor\User\globalStorage\fwcd.kotlin\langServerInstall\server\lib\trove4j-1.0.20200330.jar;c:\Users\Lenovo\AppData\Roaming\Cursor\User\globalStorage\fwcd.kotlin\langServerInstall\server\lib\jline-3.24.1.jar;c:\Users\Lenovo\AppData\Roaming\Cursor\User\globalStorage\fwcd.kotlin\langServerInstall\server\lib\slf4j-api-1.7.25.jar;c:\Users\Lenovo\AppData\Roaming\Cursor\User\globalStorage\fwcd.kotlin\langServerInstall\server\lib\jna-4.2.2.jar;c:\Users\Lenovo\AppData\Roaming\Cursor\User\globalStorage\fwcd.kotlin\langServerInstall\server\lib\failureaccess-1.0.2.jar;c:\Users\Lenovo\AppData\Roaming\Cursor\User\globalStorage\fwcd.kotlin\langServerInstall\server\lib\listenablefuture-9999.0-empty-to-avoid-conflict-with-guava.jar;c:\Users\Lenovo\AppData\Roaming\Cursor\User\globalStorage\fwcd.kotlin\langServerInstall\server\lib\jsr305-3.0.2.jar;c:\Users\Lenovo\AppData\Roaming\Cursor\User\globalStorage\fwcd.kotlin\langServerInstall\server\lib\checker-qual-3.43.0.jar;c:\Users\Lenovo\AppData\Roaming\Cursor\User\globalStorage\fwcd.kotlin\langServerInstall\server\lib\error_prone_annotations-2.28.0.jar
Launcher Type: SUN_STANDARD

[Global flags]
     intx CICompilerCount                          = 4                                         {product} {ergonomic}
     uint ConcGCThreads                            = 2                                         {product} {ergonomic}
     uint G1ConcRefinementThreads                  = 8                                         {product} {ergonomic}
   size_t G1HeapRegionSize                         = 1048576                                   {product} {ergonomic}
   size_t InitialHeapSize                          = 96468992                                  {product} {ergonomic}
   size_t MarkStackSize                            = 4194304                                   {product} {ergonomic}
   size_t MarkStackSizeMax                         = 536870912                                 {product} {ergonomic}
   size_t MaxHeapSize                              = 1541406720                                {product} {ergonomic}
   size_t MaxNewSize                               = 924844032                                 {product} {ergonomic}
   size_t MinHeapDeltaBytes                        = 1048576                                   {product} {ergonomic}
   size_t MinHeapSize                              = 8388608                                   {product} {ergonomic}
    uintx NonNMethodCodeHeapSize                   = 5832704                                {pd product} {ergonomic}
    uintx NonProfiledCodeHeapSize                  = 122945536                              {pd product} {ergonomic}
    uintx ProfiledCodeHeapSize                     = 122880000                              {pd product} {ergonomic}
    uintx ReservedCodeCacheSize                    = 251658240                              {pd product} {ergonomic}
     bool SegmentedCodeCache                       = true                                      {product} {ergonomic}
   size_t SoftMaxHeapSize                          = 1541406720                             {manageable} {ergonomic}
     bool UseCompressedOops                        = true                           {product lp64_product} {ergonomic}
     bool UseG1GC                                  = true                                      {product} {ergonomic}
     bool UseLargePagesIndividualAllocation        = false                                  {pd product} {ergonomic}

Logging:
Log output configuration:
 #0: stdout all=warning uptime,level,tags foldmultilines=false
 #1: stderr all=off uptime,level,tags foldmultilines=false

Environment Variables:
JAVA_HOME=C:\Program Files\Zulu\zulu-23
CLASSPATH=c:\Users\Lenovo\AppData\Roaming\Cursor\User\globalStorage\fwcd.kotlin\langServerInstall\server\lib\server-1.3.13.jar;c:\Users\Lenovo\AppData\Roaming\Cursor\User\globalStorage\fwcd.kotlin\langServerInstall\server\lib\shared-1.3.13.jar;c:\Users\Lenovo\AppData\Roaming\Cursor\User\globalStorage\fwcd.kotlin\langServerInstall\server\lib\kotlin-scripting-jvm-host-unshaded-2.1.0.jar;c:\Users\Lenovo\AppData\Roaming\Cursor\User\globalStorage\fwcd.kotlin\langServerInstall\server\lib\kotlin-scripting-compiler-2.1.0.jar;c:\Users\Lenovo\AppData\Roaming\Cursor\User\globalStorage\fwcd.kotlin\langServerInstall\server\lib\ktfmt-b5d31d1.jar;c:\Users\Lenovo\AppData\Roaming\Cursor\User\globalStorage\fwcd.kotlin\langServerInstall\server\lib\kotlin-compiler-2.1.0.jar;c:\Users\Lenovo\AppData\Roaming\Cursor\User\globalStorage\fwcd.kotlin\langServerInstall\server\lib\exposed-dao-0.37.3.jar;c:\Users\Lenovo\AppData\Roaming\Cursor\User\globalStorage\fwcd.kotlin\langServerInstall\server\lib\exposed-jdbc-0.37.3.jar;c:\Users\Lenovo\AppData\Roaming\Cursor\User\globalStorage\fwcd.kotlin\langServerInstall\server\lib\exposed-core-0.37.3.jar;c:\Users\Lenovo\AppData\Roaming\Cursor\User\globalStorage\fwcd.kotlin\langServerInstall\server\lib\kotlin-scripting-compiler-impl-2.1.0.jar;c:\Users\Lenovo\AppData\Roaming\Cursor\User\globalStorage\fwcd.kotlin\langServerInstall\server\lib\kotlin-reflect-2.1.0.jar;c:\Users\Lenovo\AppData\Roaming\Cursor\User\globalStorage\fwcd.kotlin\langServerInstall\server\lib\kotlin-scripting-jvm-2.1.0.jar;c:\Users\Lenovo\AppData\Roaming\Cursor\User\globalStorage\fwcd.kotlin\langServerInstall\server\lib\kotlin-scripting-common-2.1.0.jar;c:\Users\Lenovo\AppData\Roaming\Cursor\User\globalStorage\fwcd.kotlin\langServerInstall\server\lib\kotlinx-coroutines-core-jvm-1.6.4.jar;c:\Users\Lenovo\AppData\Roaming\Cursor\User\globalStorage\fwcd.kotlin\langServerInstall\server\lib\kotlin-stdlib-jdk8-2.1.0.jar;c:\Users\Lenovo\AppData\Roaming\Cursor\User\globalStorage\fwcd.kotlin\langServerInstall\server\lib\kotlin-stdlib-jdk7-2.1.0.jar;c:\Users\Lenovo\AppData\Roaming\Cursor\User\globalStorage\fwcd.kotlin\langServerInstall\server\lib\kotlin-stdlib-2.1.0.jar;c:\Users\Lenovo\AppData\Roaming\Cursor\User\globalStorage\fwcd.kotlin\langServerInstall\server\lib\org.eclipse.lsp4j-0.21.2.jar;c:\Users\Lenovo\AppData\Roaming\Cursor\User\globalStorage\fwcd.kotlin\langServerInstall\server\lib\org.eclipse.lsp4j.jsonrpc-0.21.2.jar;c:\Users\Lenovo\AppData\Roaming\Cursor\User\globalStorage\fwcd.kotlin\langServerInstall\server\lib\kotlin-sam-with-receiver-compiler-plugin-2.1.0.jar;c:\Users\Lenovo\AppData\Roaming\Cursor\User\globalStorage\fwcd.kotlin\langServerInstall\server\lib\fernflower-1.0.jar;c:\Users\Lenovo\AppData\Roaming\Cursor\User\globalStorage\fwcd.kotlin\langServerInstall\server\lib\h2-1.4.200.jar;c:\Users\Lenovo\AppData\Roaming\Cursor\User\globalStorage\fwcd.kotlin\langServerInstall\server\lib\jcommander-1.78.jar;c:\Users\Lenovo\AppData\Roaming\Cursor\User\globalStorage\fwcd.kotlin\langServerInstall\server\lib\sqlite-jdbc-3.41.2.1.jar;c:\Users\Lenovo\AppData\Roaming\Cursor\User\globalStorage\fwcd.kotlin\langServerInstall\server\lib\google-java-format-1.8.jar;c:\Users\Lenovo\AppData\Roaming\Cursor\User\globalStorage\fwcd.kotlin\langServerInstall\server\lib\guava-33.3.0-jre.jar;c:\Users\Lenovo\AppData\Roaming\Cursor\User\globalStorage\fwcd.kotlin\langServerInstall\server\lib\annotations-13.0.jar;c:\Users\Lenovo\AppData\Roaming\Cursor\User\globalStorage\fwcd.kotlin\langServerInstall\server\lib\gson-2.10.1.jar;c:\Users\Lenovo\AppData\Roaming\Cursor\User\globalStorage\fwcd.kotlin\langServerInstall\server\lib\kotlin-script-runtime-2.1.0.jar;c:\Users\Lenovo\AppData\Roaming\Cursor\User\globalStorage\fwcd.kotlin\langServerInstall\server\lib\trove4j-1.0.20200330.jar;c:\Users\Lenovo\AppData\Roaming\Cursor\User\globalStorage\fwcd.kotlin\langServerInstall\server\lib\jline-3.24.1.jar;c:\Users\Lenovo\AppData\Roaming\Cursor\User\globalStorage\fwcd.kotlin\langServerInstall\server\lib\slf4j-api-1.7.25.jar;c:\Users\Lenovo\AppData\Roaming\Cursor\User\globalStorage\fwcd.kotlin\langServerInstall\server\lib\jna-4.2.2.jar;c:\Users\Lenovo\AppData\Roaming\Cursor\User\globalStorage\fwcd.kotlin\langServerInstall\server\lib\failureaccess-1.0.2.jar;c:\Users\Lenovo\AppData\Roaming\Cursor\User\globalStorage\fwcd.kotlin\langServerInstall\server\lib\listenablefuture-9999.0-empty-to-avoid-conflict-with-guava.jar;c:\Users\Lenovo\AppData\Roaming\Cursor\User\globalStorage\fwcd.kotlin\langServerInstall\server\lib\jsr305-3.0.2.jar;c:\Users\Lenovo\AppData\Roaming\Cursor\User\globalStorage\fwcd.kotlin\langServerInstall\server\lib\checker-qual-3.43.0.jar;c:\Users\Lenovo\AppData\Roaming\Cursor\User\globalStorage\fwcd.kotlin\langServerInstall\server\lib\error_prone_annotations-2.28.0.jar
PATH=C:\Program Files (x86)\Common Files\Oracle\Java\java8path;C:\Program Files (x86)\Common Files\Oracle\Java\javapath;C:\Program Files\Zulu\zulu-23\bin\;C:\WINDOWS\system32;C:\WINDOWS;C:\WINDOWS\System32\Wbem;C:\WINDOWS\System32\WindowsPowerShell\v1.0\;C:\WINDOWS\System32\OpenSSH\;C:\Users\Lenovo\AppData\Local\Microsoft\WindowsApps;C:\Program Files\gs\gs10.03.1\bin;C:\Users\Lenovo\AppData\Local\Pub\Cache\bin;C:\ProgramData\chocolatey\bin;C:\php-8.3.11;C:\ProgramData\ComposerSetup\bin;C:\Users\Lenovo\Documents\Flutter\Sdk\flutter\bin;C:\Program Files\Java\jdk-23\bin;C:\Program Files\Java\jre1.8.0_421\bin;C:\Program Files\nodejs\;C:\Program Files\MongoDB\Server\8.0\bin;C:\Program Files\MongoDB\mongosh-2.3.3-win32-x64\bin;C:\Pemograman\gradle-8.11.1\bin;C:\Pemograman\kotlinc\bin;C:\Program Files\Git\cmd;C:\WINDOWS\system32;C:\WINDOWS;C:\WINDOWS\System32\Wbem;C:\WINDOWS\System32\WindowsPowerShell\v1.0\;C:\WINDOWS\System32\OpenSSH\;C:\Program Files (x86)\Microsoft\Edge\Application;C:\Program Files\Zulu\zulu-23\bin\;C:\Program Files (x86)\Common Files\Oracle\Java\java8path;C:\Program Files (x86)\Common Files\Oracle\Java\javapath;C:\WINDOWS\system32;C:\WINDOWS;C:\WINDOWS\System32\Wbem;C:\WINDOWS\System32\WindowsPowerShell\v1.0\;C:\WINDOWS\System32\OpenSSH\;C:\Users\Lenovo\AppData\Local\Microsoft\WindowsApps;C:\Program Files\gs\gs10.03.1\bin;C:\Users\Lenovo\AppData\Local\Pub\Cache\bin;C:\ProgramData\chocolatey\bin;C:\php-8.3.11;C:\ProgramData\ComposerSetup\bin;C:\Users\Lenovo\Documents\Flutter\Sdk\flutter\bin;C:\Program Files\Java\jdk-23\bin;C:\Program Files\Java\jre1.8.0_421\bin;C:\Program Files\nodejs\;C:\Program Files\MongoDB\Server\8.0\bin;C:\Program Files\MongoDB\mongosh-2.3.3-win32-x64\bin;C:\Pemograman\gradle-8.11.1\bin;C:\Pemograman\kotlinc\bin;C:\Program Files\Git\cmd;C:\Users\Lenovo\AppData\Local\Temp\_MEI155922;C:\Users\Lenovo\AppData\Roaming\Composer\vendor\bin;C:\Users\Lenovo\AppData\Local\Programs\Microsoft VS Code\bin;C:\Users\Lenovo\AppData\Roaming\npm;C:\Users\Lenovo\AppData\Local\Programs\mongosh\;C:\Users\Lenovo\AppData\Local\JetBrains\Toolbox\scripts;;%USERPROFILE%\AppData\Local\Microsoft\WindowsApps
USERNAME=Lenovo
OS=Windows_NT
PROCESSOR_IDENTIFIER=AMD64 Family 23 Model 160 Stepping 0, AuthenticAMD
TMP=C:\Users\Lenovo\AppData\Local\Temp
TEMP=C:\Users\Lenovo\AppData\Local\Temp




Periodic native trim disabled

---------------  S Y S T E M  ---------------

OS:
 Windows 11 , 64 bit Build 26100 (10.0.26100.2454)
OS uptime: 0 days 4:26 hours
Hyper-V role detected

CPU: total 8 (initial active 8) (8 cores per cpu, 2 threads per core) family 23 model 160 stepping 0 microcode 0x8a00006, cx8, cmov, fxsr, ht, mmx, 3dnowpref, sse, sse2, sse3, ssse3, sse4a, sse4.1, sse4.2, popcnt, lzcnt, tsc, tscinvbit, avx, avx2, aes, clmul, bmi1, bmi2, adx, sha, fma, vzeroupper, clflush, clflushopt, hv, rdtscp, rdpid, f16c
Processor Information for the first 8 processors :
  Max Mhz: 2401, Current Mhz: 2401, Mhz Limit: 2401

Memory: 4k page, system-wide physical 5877M (595M free)
TotalPageFile size 24309M (AvailPageFile size 3M)
current process WorkingSet (physical memory assigned to process): 406M, peak: 406M
current process commit charge ("private bytes"): 482M, peak: 522M

vm_info: OpenJDK 64-Bit Server VM (23.0.1+11) for windows-amd64 JRE (23.0.1+11) (Zulu23.30+13-CA), built on 2024-10-04T17:21:46Z with MS VC++ 17.1 (VS2022)

END.
